#
# There is insufficient memory for the Java Runtime Environment to continue.
# Native memory allocation (malloc) failed to allocate 1048576 bytes. Error detail: AllocateHeap
# Possible reasons:
#   The system is out of physical RAM or swap space
#   This process is running with CompressedOops enabled, and the Java Heap may be blocking the growth of the native heap
# Possible solutions:
#   Reduce memory load on the system
#   Increase physical memory or swap space
#   Check if swap backing store is full
#   Decrease Java heap size (-Xmx/-Xms)
#   Decrease number of Java threads
#   Decrease Java thread stack sizes (-Xss)
#   Set larger code cache with -XX:ReservedCodeCacheSize=
#   JVM is running with Unscaled Compressed Oops mode in which the Java heap is
#     placed in the first 4GB address space. The Java Heap base address is the
#     maximum limit for the native heap growth. Please use -XX:HeapBaseMinAddress
#     to set the Java Heap base and to place the Java Heap above 4GB virtual address.
# This output file may be truncated or incomplete.
#
#  Out of Memory Error (allocation.cpp:44), pid=37280, tid=37404
#
# JRE version: OpenJDK Runtime Environment Temurin-21.0.9+10 (21.0.9+10) (build 21.0.9+10-LTS)
# Java VM: OpenJDK 64-Bit Server VM Temurin-21.0.9+10 (21.0.9+10-LTS, mixed mode, sharing, tiered, compressed oops, compressed class ptrs, parallel gc, windows-amd64)
# No core dump will be written. Minidumps are not enabled by default on client versions of Windows
#

---------------  S U M M A R Y ------------

Command Line: --add-modules=ALL-SYSTEM --add-opens=java.base/java.util=ALL-UNNAMED --add-opens=java.base/java.lang=ALL-UNNAMED --add-opens=java.base/sun.nio.fs=ALL-UNNAMED -Declipse.application=org.eclipse.jdt.ls.core.id1 -Dosgi.bundles.defaultStartLevel=4 -Declipse.product=org.eclipse.jdt.ls.core.product -Djava.import.generatesMetadataFilesAtProjectRoot=false -DDetectVMInstallationsJob.disabled=true -Dfile.encoding=utf8 -XX:+UseParallelGC -XX:GCTimeRatio=4 -XX:AdaptiveSizePolicyWeight=90 -Dsun.zip.disableMemoryMapping=true -Xmx2G -Xms100m -Xlog:disable -javaagent:c:\Users\pc\.antigravity\extensions\redhat.java-1.50.0-win32-x64\lombok\lombok-1.18.39-4050.jar -XX:+HeapDumpOnOutOfMemoryError -XX:HeapDumpPath=c:\Users\pc\AppData\Roaming\Antigravity\User\workspaceStorage\47ce89da41dd14ed8372e9d3cee91e7b\redhat.java -Daether.dependencyCollector.impl=bf c:\Users\pc\.antigravity\extensions\redhat.java-1.50.0-win32-x64\server\plugins\org.eclipse.equinox.launcher_1.7.100.v20251111-0406.jar -configuration c:\Users\pc\AppData\Roaming\Antigravity\User\globalStorage\redhat.java\1.50.0\config_win -data c:\Users\pc\AppData\Roaming\Antigravity\User\workspaceStorage\47ce89da41dd14ed8372e9d3cee91e7b\redhat.java\jdt_ws --pipe=\\.\pipe\lsp-b30dd16846725d216aa0cb224c8655af-sock

Host: Intel(R) Core(TM) i7-10510U CPU @ 1.80GHz, 8 cores, 7G,  Windows 10 , 64 bit Build 19041 (10.0.19041.5915)
Time: Fri Dec 26 01:56:48 2025 Paris, Madrid elapsed time: 2104.956377 seconds (0d 0h 35m 4s)

---------------  T H R E A D  ---------------

Current thread (0x000001b4c3465650):  JavaThread "Attach Listener" daemon [_thread_in_vm, id=37404, stack(0x0000007d00a00000,0x0000007d00b00000) (1024K)]

Stack: [0x0000007d00a00000,0x0000007d00b00000]
Native frames: (J=compiled Java code, j=interpreted, Vv=VM code, C=native code)
V  [jvm.dll+0x6d6e29]
V  [jvm.dll+0x8b4b76]
V  [jvm.dll+0x8b712e]
V  [jvm.dll+0x8b7813]
V  [jvm.dll+0x283d86]
V  [jvm.dll+0xc1277]
V  [jvm.dll+0x6d76d9]
V  [jvm.dll+0x133466]
V  [jvm.dll+0x3f7ea6]
V  [jvm.dll+0x85e9ad]
V  [jvm.dll+0x6d565d]
C  [ucrtbase.dll+0x21bb2]
C  [KERNEL32.DLL+0x17374]
C  [ntdll.dll+0x4cc91]


---------------  P R O C E S S  ---------------

Threads class SMR info:
_java_thread_list=0x000001b50d351830, length=47, elements={
0x000001b4ac9f3c70, 0x000001b4c345fe50, 0x000001b4c34612e0, 0x000001b4c3464780,
0x000001b4c3465650, 0x000001b4c34681b0, 0x000001b4c3468c00, 0x000001b4c3469a30,
0x000001b50a02c5a0, 0x000001b50a167600, 0x000001b50a3f8270, 0x000001b50aa787a0,
0x000001b50a7965c0, 0x000001b50a95a940, 0x000001b50a408e50, 0x000001b50a9fbd00,
0x000001b50aba7570, 0x000001b50b104040, 0x000001b50accf030, 0x000001b50b01b030,
0x000001b50b01bd50, 0x000001b50b01c3e0, 0x000001b50cb580b0, 0x000001b50cb57390,
0x000001b50cb58740, 0x000001b50cb59460, 0x000001b50cb58dd0, 0x000001b50cb5a810,
0x000001b50cb57a20, 0x000001b50cb59af0, 0x000001b50cb5a180, 0x000001b50ccfaa80,
0x000001b50ccfa3f0, 0x000001b50ccfdf00, 0x000001b50ccf9d60, 0x000001b50ccfd1e0,
0x000001b50ccfe590, 0x000001b50ccfb7a0, 0x000001b50ccf9040, 0x000001b50ccf96d0,
0x000001b50ccfb110, 0x000001b50ccfbe30, 0x000001b50ccfc4c0, 0x000001b50ccf8320,
0x000001b50b01ca70, 0x000001b50ccfec20, 0x000001b50b0bf580
}

Java Threads: ( => current thread )
  0x000001b4ac9f3c70 JavaThread "main"                              [_thread_blocked, id=37336, stack(0x0000007d00300000,0x0000007d00400000) (1024K)]
  0x000001b4c345fe50 JavaThread "Reference Handler"          daemon [_thread_blocked, id=37392, stack(0x0000007d00700000,0x0000007d00800000) (1024K)]
  0x000001b4c34612e0 JavaThread "Finalizer"                  daemon [_thread_blocked, id=37396, stack(0x0000007d00800000,0x0000007d00900000) (1024K)]
  0x000001b4c3464780 JavaThread "Signal Dispatcher"          daemon [_thread_blocked, id=37400, stack(0x0000007d00900000,0x0000007d00a00000) (1024K)]
=>0x000001b4c3465650 JavaThread "Attach Listener"            daemon [_thread_in_vm, id=37404, stack(0x0000007d00a00000,0x0000007d00b00000) (1024K)]
  0x000001b4c34681b0 JavaThread "Service Thread"             daemon [_thread_blocked, id=37408, stack(0x0000007d00b00000,0x0000007d00c00000) (1024K)]
  0x000001b4c3468c00 JavaThread "Monitor Deflation Thread"   daemon [_thread_blocked, id=37412, stack(0x0000007d00c00000,0x0000007d00d00000) (1024K)]
  0x000001b4c3469a30 JavaThread "C2 CompilerThread0"         daemon [_thread_blocked, id=37416, stack(0x0000007d00d00000,0x0000007d00e00000) (1024K)]
  0x000001b50a02c5a0 JavaThread "C1 CompilerThread0"         daemon [_thread_blocked, id=37432, stack(0x0000007d00e00000,0x0000007d00f00000) (1024K)]
  0x000001b50a167600 JavaThread "Common-Cleaner"             daemon [_thread_blocked, id=36968, stack(0x0000007d00f00000,0x0000007d01000000) (1024K)]
  0x000001b50a3f8270 JavaThread "Notification Thread"        daemon [_thread_blocked, id=37364, stack(0x0000007d01000000,0x0000007d01100000) (1024K)]
  0x000001b50aa787a0 JavaThread "Active Thread: Equinox Container: e7eca26f-8878-4bb4-9cb9-57a3057c550b"        [_thread_blocked, id=36408, stack(0x0000007d01700000,0x0000007d01800000) (1024K)]
  0x000001b50a7965c0 JavaThread "Refresh Thread: Equinox Container: e7eca26f-8878-4bb4-9cb9-57a3057c550b" daemon [_thread_blocked, id=37456, stack(0x0000007d01800000,0x0000007d01900000) (1024K)]
  0x000001b50a95a940 JavaThread "Framework Event Dispatcher: Equinox Container: e7eca26f-8878-4bb4-9cb9-57a3057c550b" daemon [_thread_blocked, id=2096, stack(0x0000007d01a00000,0x0000007d01b00000) (1024K)]
  0x000001b50a408e50 JavaThread "Start Level: Equinox Container: e7eca26f-8878-4bb4-9cb9-57a3057c550b" daemon [_thread_blocked, id=30696, stack(0x0000007d01b00000,0x0000007d01c00000) (1024K)]
  0x000001b50a9fbd00 JavaThread "Bundle File Closer"         daemon [_thread_blocked, id=33568, stack(0x0000007d01c00000,0x0000007d01d00000) (1024K)]
  0x000001b50aba7570 JavaThread "SCR Component Actor"        daemon [_thread_blocked, id=22376, stack(0x0000007d00100000,0x0000007d00200000) (1024K)]
  0x000001b50b104040 JavaThread "Worker-JM"                         [_thread_blocked, id=26616, stack(0x0000007d00200000,0x0000007d00300000) (1024K)]
  0x000001b50accf030 JavaThread "JNA Cleaner"                daemon [_thread_blocked, id=38024, stack(0x0000007d01e00000,0x0000007d01f00000) (1024K)]
  0x000001b50b01b030 JavaThread "Java indexing"              daemon [_thread_blocked, id=38624, stack(0x0000007d02300000,0x0000007d02400000) (1024K)]
  0x000001b50b01bd50 JavaThread "Thread-1"                   daemon [_thread_in_native, id=38808, stack(0x0000007d02800000,0x0000007d02900000) (1024K)]
  0x000001b50b01c3e0 JavaThread "Thread-2"                   daemon [_thread_in_native, id=38812, stack(0x0000007d02900000,0x0000007d02a00000) (1024K)]
  0x000001b50cb580b0 JavaThread "Thread-3"                   daemon [_thread_in_native, id=38816, stack(0x0000007d02a00000,0x0000007d02b00000) (1024K)]
  0x000001b50cb57390 JavaThread "Thread-4"                   daemon [_thread_in_native, id=38820, stack(0x0000007d02b00000,0x0000007d02c00000) (1024K)]
  0x000001b50cb58740 JavaThread "Thread-5"                   daemon [_thread_in_native, id=38824, stack(0x0000007d02c00000,0x0000007d02d00000) (1024K)]
  0x000001b50cb59460 JavaThread "Thread-6"                   daemon [_thread_in_native, id=38828, stack(0x0000007d02d00000,0x0000007d02e00000) (1024K)]
  0x000001b50cb58dd0 JavaThread "Thread-7"                   daemon [_thread_in_native, id=38832, stack(0x0000007d02e00000,0x0000007d02f00000) (1024K)]
  0x000001b50cb5a810 JavaThread "Thread-8"                   daemon [_thread_in_native, id=38836, stack(0x0000007d02f00000,0x0000007d03000000) (1024K)]
  0x000001b50cb57a20 JavaThread "Thread-9"                   daemon [_thread_in_native, id=38840, stack(0x0000007d03000000,0x0000007d03100000) (1024K)]
  0x000001b50cb59af0 JavaThread "Timer-0"                           [_thread_blocked, id=38860, stack(0x0000007d03100000,0x0000007d03200000) (1024K)]
  0x000001b50cb5a180 JavaThread "Timer-1"                           [_thread_blocked, id=38872, stack(0x0000007d03200000,0x0000007d03300000) (1024K)]
  0x000001b50ccfaa80 JavaThread "pool-2-thread-1"                   [_thread_blocked, id=38876, stack(0x0000007d03300000,0x0000007d03400000) (1024K)]
  0x000001b50ccfa3f0 JavaThread "WorkspaceEventsHandler"            [_thread_blocked, id=37940, stack(0x0000007d03600000,0x0000007d03700000) (1024K)]
  0x000001b50ccfdf00 JavaThread "pool-1-thread-1"                   [_thread_blocked, id=36428, stack(0x0000007d03700000,0x0000007d03800000) (1024K)]
  0x000001b50ccf9d60 JavaThread "Timer-2"                           [_thread_blocked, id=38548, stack(0x0000007d03a00000,0x0000007d03b00000) (1024K)]
  0x000001b50ccfd1e0 JavaThread "Timer-3"                           [_thread_blocked, id=38060, stack(0x0000007d03400000,0x0000007d03500000) (1024K)]
  0x000001b50ccfe590 JavaThread "Timer-4"                           [_thread_blocked, id=37936, stack(0x0000007d03b00000,0x0000007d03c00000) (1024K)]
  0x000001b50ccfb7a0 JavaThread "Timer-5"                           [_thread_blocked, id=28008, stack(0x0000007d03c00000,0x0000007d03d00000) (1024K)]
  0x000001b50ccf9040 JavaThread "Timer-6"                           [_thread_blocked, id=38268, stack(0x0000007d03d00000,0x0000007d03e00000) (1024K)]
  0x000001b50ccf96d0 JavaThread "Timer-7"                           [_thread_blocked, id=20508, stack(0x0000007d03e00000,0x0000007d03f00000) (1024K)]
  0x000001b50ccfb110 JavaThread "Timer-8"                           [_thread_blocked, id=39828, stack(0x0000007d01d00000,0x0000007d01e00000) (1024K)]
  0x000001b50ccfbe30 JavaThread "Timer-9"                           [_thread_blocked, id=37048, stack(0x0000007d01f00000,0x0000007d02000000) (1024K)]
  0x000001b50ccfc4c0 JavaThread "Timer-10"                          [_thread_blocked, id=17012, stack(0x0000007d02500000,0x0000007d02600000) (1024K)]
  0x000001b50ccf8320 JavaThread "Timer-11"                          [_thread_blocked, id=1848, stack(0x0000007d03500000,0x0000007d03600000) (1024K)]
  0x000001b50b01ca70 JavaThread "Timer-12"                          [_thread_blocked, id=30656, stack(0x0000007d02100000,0x0000007d02200000) (1024K)]
  0x000001b50ccfec20 JavaThread "Worker-8"                          [_thread_blocked, id=36224, stack(0x0000007d04200000,0x0000007d04300000) (1024K)]
  0x000001b50b0bf580 JavaThread "Worker-9"                          [_thread_blocked, id=22968, stack(0x0000007d02600000,0x0000007d02700000) (1024K)]
Total: 47

Other Threads:
  0x000001b4c3452ad0 VMThread "VM Thread"                           [id=37388, stack(0x0000007d00600000,0x0000007d00700000) (1024K)]
  0x000001b4aca5cf10 WatcherThread "VM Periodic Task Thread"        [id=37384, stack(0x0000007d00500000,0x0000007d00600000) (1024K)]
  0x000001b4aca10650 WorkerThread "GC Thread#0"                     [id=37368, stack(0x0000007d00400000,0x0000007d00500000) (1024K)]
  0x000001b50a619cd0 WorkerThread "GC Thread#1"                     [id=37712, stack(0x0000007d01100000,0x0000007d01200000) (1024K)]
  0x000001b50a9e94c0 WorkerThread "GC Thread#2"                     [id=37500, stack(0x0000007d01200000,0x0000007d01300000) (1024K)]
  0x000001b50a9e9860 WorkerThread "GC Thread#3"                     [id=37708, stack(0x0000007d01300000,0x0000007d01400000) (1024K)]
  0x000001b50a9e9c00 WorkerThread "GC Thread#4"                     [id=37636, stack(0x0000007d01400000,0x0000007d01500000) (1024K)]
  0x000001b50a7b5170 WorkerThread "GC Thread#5"                     [id=19044, stack(0x0000007d01500000,0x0000007d01600000) (1024K)]
  0x000001b50a7b5510 WorkerThread "GC Thread#6"                     [id=18296, stack(0x0000007d01600000,0x0000007d01700000) (1024K)]
  0x000001b50a741370 WorkerThread "GC Thread#7"                     [id=31432, stack(0x0000007d01900000,0x0000007d01a00000) (1024K)]
Total: 10

Threads with active compile tasks:
Total: 0

VM state: not at safepoint (normal execution)

VM Mutex/Monitor currently owned by a thread: None

Heap address: 0x0000000080000000, size: 2048 MB, Compressed Oops mode: 32-bit

CDS archive(s) mapped at: [0x000001b4c4000000-0x000001b4c4ba0000-0x000001b4c4ba0000), size 12189696, SharedBaseAddress: 0x000001b4c4000000, ArchiveRelocationMode: 1.
Compressed class space mapped at: 0x000001b4c5000000-0x000001b505000000, reserved size: 1073741824
Narrow klass base: 0x000001b4c4000000, Narrow klass shift: 0, Narrow klass range: 0x100000000

GC Precious Log:
 CardTable entry size: 512
 CPUs: 8 total, 8 available
 Memory: 8038M
 Large Page Support: Disabled
 NUMA Support: Disabled
 Compressed Oops: Enabled (32-bit)
 Alignments: Space 512K, Generation 512K, Heap 2M
 Heap Min Capacity: 100M
 Heap Initial Capacity: 100M
 Heap Max Capacity: 2G
 Pre-touch: Disabled
 Parallel Workers: 8

Heap:
 PSYoungGen      total 22528K, used 2583K [0x00000000d5580000, 0x00000000d7000000, 0x0000000100000000)
  eden space 22016K, 9% used [0x00000000d5580000,0x00000000d578dc88,0x00000000d6b00000)
  from space 512K, 93% used [0x00000000d6f00000,0x00000000d6f78010,0x00000000d6f80000)
  to   space 512K, 0% used [0x00000000d6f80000,0x00000000d6f80000,0x00000000d7000000)
 ParOldGen       total 68608K, used 48046K [0x0000000080000000, 0x0000000084300000, 0x00000000d5580000)
  object space 68608K, 70% used [0x0000000080000000,0x0000000082eebab8,0x0000000084300000)
 Metaspace       used 71541K, committed 73152K, reserved 1114112K
  class space    used 9018K, committed 9728K, reserved 1048576K

Card table byte_map: [0x000001b4ac3c0000,0x000001b4ac7d0000] _byte_map_base: 0x000001b4abfc0000

Marking Bits: (ParMarkBitMap*) 0x00007ff958232460
 Begin Bits: [0x000001b4beeb0000, 0x000001b4c0eb0000)
 End Bits:   [0x000001b4c0eb0000, 0x000001b4c2eb0000)

Polling page: 0x000001b4aa8d0000

Metaspace:

Usage:
  Non-class:     61.06 MB used.
      Class:      8.81 MB used.
       Both:     69.86 MB used.

Virtual space:
  Non-class space:       64.00 MB reserved,      61.94 MB ( 97%) committed,  1 nodes.
      Class space:        1.00 GB reserved,       9.50 MB ( <1%) committed,  1 nodes.
             Both:        1.06 GB reserved,      71.44 MB (  7%) committed. 

Chunk freelists:
   Non-Class:  1.28 MB
       Class:  6.45 MB
        Both:  7.73 MB

MaxMetaspaceSize: unlimited
CompressedClassSpaceSize: 1.00 GB
Initial GC threshold: 21.00 MB
Current GC threshold: 97.31 MB
CDS: on
 - commit_granule_bytes: 65536.
 - commit_granule_words: 8192.
 - virtual_space_node_default_size: 8388608.
 - enlarge_chunks_in_place: 1.
 - use_allocation_guard: 0.


Internal statistics:

num_allocs_failed_limit: 9.
num_arena_births: 1394.
num_arena_deaths: 14.
num_vsnodes_births: 2.
num_vsnodes_deaths: 0.
num_space_committed: 1143.
num_space_uncommitted: 0.
num_chunks_returned_to_freelist: 23.
num_chunks_taken_from_freelist: 4599.
num_chunk_merges: 14.
num_chunk_splits: 2793.
num_chunks_enlarged: 1546.
num_inconsistent_stats: 0.

CodeHeap 'non-profiled nmethods': size=120000Kb used=6497Kb max_used=6497Kb free=113503Kb
 bounds [0x000001b4b76d0000, 0x000001b4b7d30000, 0x000001b4bec00000]
CodeHeap 'profiled nmethods': size=120000Kb used=17229Kb max_used=17229Kb free=102771Kb
 bounds [0x000001b4afc00000, 0x000001b4b0ce0000, 0x000001b4b7130000]
CodeHeap 'non-nmethods': size=5760Kb used=1437Kb max_used=1520Kb free=4322Kb
 bounds [0x000001b4b7130000, 0x000001b4b73a0000, 0x000001b4b76d0000]
CodeCache: size=245760Kb, used=25163Kb, max_used=25246Kb, free=220596Kb
 total_blobs=9543, nmethods=8797, adapters=652, full_count=0
Compilation: enabled, stopped_count=0, restarted_count=0

Compilation events (20 events):
Event: 1774.854 Thread 0x000001b50a02c5a0 9584       3       org.eclipse.core.internal.jobs.DeadlockDetector::indexOf (43 bytes)
Event: 1774.859 Thread 0x000001b50a02c5a0 nmethod 9584 0x000001b4b0ccd810 code [0x000001b4b0ccda00, 0x000001b4b0cce1b8]
Event: 1774.890 Thread 0x000001b50a02c5a0 9585       3       org.eclipse.core.internal.resources.Resource::getProjectRelativePath (11 bytes)
Event: 1774.897 Thread 0x000001b50a02c5a0 nmethod 9585 0x000001b4b0cce490 code [0x000001b4b0cce640, 0x000001b4b0cce870]
Event: 1785.702 Thread 0x000001b50a02c5a0 9586       1       org.eclipse.lsp4j.jsonrpc.messages.RequestMessage::getMethod (5 bytes)
Event: 1785.703 Thread 0x000001b50a02c5a0 nmethod 9586 0x000001b4b7d28110 code [0x000001b4b7d282a0, 0x000001b4b7d28368]
Event: 2016.327 Thread 0x000001b50a02c5a0 9587       3       org.eclipse.core.internal.jobs.InternalJob::internalSetState (15 bytes)
Event: 2016.371 Thread 0x000001b50a02c5a0 nmethod 9587 0x000001b4b0cce990 code [0x000001b4b0cceb20, 0x000001b4b0ccec40]
Event: 2017.829 Thread 0x000001b50a02c5a0 9588       3       com.sun.org.apache.xerces.internal.impl.XMLEntityManager::getFeatureDefault (36 bytes)
Event: 2017.846 Thread 0x000001b50a02c5a0 nmethod 9588 0x000001b4b0cced10 code [0x000001b4b0cceee0, 0x000001b4b0ccf170]
Event: 2018.343 Thread 0x000001b50a02c5a0 9589  s    3       java.util.Properties::setProperty (7 bytes)
Event: 2018.347 Thread 0x000001b50a02c5a0 nmethod 9589 0x000001b4b0ccf290 code [0x000001b4b0ccf440, 0x000001b4b0ccf6d0]
Event: 2018.498 Thread 0x000001b50a02c5a0 9590       3       com.sun.org.apache.xml.internal.serializer.ToStream$CharacterBuffer::isAnyCharactersBuffered (18 bytes)
Event: 2018.503 Thread 0x000001b50a02c5a0 nmethod 9590 0x000001b4b0ccf790 code [0x000001b4b0ccf940, 0x000001b4b0ccfb68]
Event: 2019.990 Thread 0x000001b50a02c5a0 9591       3       org.eclipse.core.internal.resources.SaveManager$$Lambda/0x000001b4c597e6b0::visitElement (35 bytes)
Event: 2020.039 Thread 0x000001b50a02c5a0 nmethod 9591 0x000001b4b0ccfc10 code [0x000001b4b0ccfdc0, 0x000001b4b0ccff58]
Event: 2020.039 Thread 0x000001b50a02c5a0 9592   !   3       org.eclipse.core.internal.resources.SaveManager::lambda$11 (132 bytes)
Event: 2020.073 Thread 0x000001b50a02c5a0 nmethod 9592 0x000001b4b0cd0010 code [0x000001b4b0cd0260, 0x000001b4b0cd0a50]
Event: 2020.230 Thread 0x000001b50a02c5a0 9593       3       org.eclipse.core.runtime.Path::append (264 bytes)
Event: 2020.295 Thread 0x000001b50a02c5a0 nmethod 9593 0x000001b4b0cd0f90 code [0x000001b4b0cd1340, 0x000001b4b0cd2ad8]

GC Heap History (20 events):
Event: 1623.405 GC heap before
{Heap before GC invocations=179 (full 3):
 PSYoungGen      total 22528K, used 22176K [0x00000000d5580000, 0x00000000d7000000, 0x0000000100000000)
  eden space 22016K, 100% used [0x00000000d5580000,0x00000000d6b00000,0x00000000d6b00000)
  from space 512K, 31% used [0x00000000d6f00000,0x00000000d6f28000,0x00000000d6f80000)
  to   space 512K, 0% used [0x00000000d6f80000,0x00000000d6f80000,0x00000000d7000000)
 ParOldGen       total 68608K, used 47854K [0x0000000080000000, 0x0000000084300000, 0x00000000d5580000)
  object space 68608K, 69% used [0x0000000080000000,0x0000000082ebbab8,0x0000000084300000)
 Metaspace       used 71420K, committed 73024K, reserved 1114112K
  class space    used 9011K, committed 9728K, reserved 1048576K
}
Event: 1623.447 GC heap after
{Heap after GC invocations=179 (full 3):
 PSYoungGen      total 22528K, used 192K [0x00000000d5580000, 0x00000000d7000000, 0x0000000100000000)
  eden space 22016K, 0% used [0x00000000d5580000,0x00000000d5580000,0x00000000d6b00000)
  from space 512K, 37% used [0x00000000d6f80000,0x00000000d6fb0000,0x00000000d7000000)
  to   space 512K, 0% used [0x00000000d6f00000,0x00000000d6f00000,0x00000000d6f80000)
 ParOldGen       total 68608K, used 47854K [0x0000000080000000, 0x0000000084300000, 0x00000000d5580000)
  object space 68608K, 69% used [0x0000000080000000,0x0000000082ebbab8,0x0000000084300000)
 Metaspace       used 71420K, committed 73024K, reserved 1114112K
  class space    used 9011K, committed 9728K, reserved 1048576K
}
Event: 1628.069 GC heap before
{Heap before GC invocations=180 (full 3):
 PSYoungGen      total 22528K, used 22208K [0x00000000d5580000, 0x00000000d7000000, 0x0000000100000000)
  eden space 22016K, 100% used [0x00000000d5580000,0x00000000d6b00000,0x00000000d6b00000)
  from space 512K, 37% used [0x00000000d6f80000,0x00000000d6fb0000,0x00000000d7000000)
  to   space 512K, 0% used [0x00000000d6f00000,0x00000000d6f00000,0x00000000d6f80000)
 ParOldGen       total 68608K, used 47854K [0x0000000080000000, 0x0000000084300000, 0x00000000d5580000)
  object space 68608K, 69% used [0x0000000080000000,0x0000000082ebbab8,0x0000000084300000)
 Metaspace       used 71420K, committed 73024K, reserved 1114112K
  class space    used 9011K, committed 9728K, reserved 1048576K
}
Event: 1628.071 GC heap after
{Heap after GC invocations=180 (full 3):
 PSYoungGen      total 22528K, used 128K [0x00000000d5580000, 0x00000000d7000000, 0x0000000100000000)
  eden space 22016K, 0% used [0x00000000d5580000,0x00000000d5580000,0x00000000d6b00000)
  from space 512K, 25% used [0x00000000d6f00000,0x00000000d6f20000,0x00000000d6f80000)
  to   space 512K, 0% used [0x00000000d6f80000,0x00000000d6f80000,0x00000000d7000000)
 ParOldGen       total 68608K, used 47854K [0x0000000080000000, 0x0000000084300000, 0x00000000d5580000)
  object space 68608K, 69% used [0x0000000080000000,0x0000000082ebbab8,0x0000000084300000)
 Metaspace       used 71420K, committed 73024K, reserved 1114112K
  class space    used 9011K, committed 9728K, reserved 1048576K
}
Event: 1631.292 GC heap before
{Heap before GC invocations=181 (full 3):
 PSYoungGen      total 22528K, used 22144K [0x00000000d5580000, 0x00000000d7000000, 0x0000000100000000)
  eden space 22016K, 100% used [0x00000000d5580000,0x00000000d6b00000,0x00000000d6b00000)
  from space 512K, 25% used [0x00000000d6f00000,0x00000000d6f20000,0x00000000d6f80000)
  to   space 512K, 0% used [0x00000000d6f80000,0x00000000d6f80000,0x00000000d7000000)
 ParOldGen       total 68608K, used 47854K [0x0000000080000000, 0x0000000084300000, 0x00000000d5580000)
  object space 68608K, 69% used [0x0000000080000000,0x0000000082ebbab8,0x0000000084300000)
 Metaspace       used 71420K, committed 73024K, reserved 1114112K
  class space    used 9011K, committed 9728K, reserved 1048576K
}
Event: 1631.305 GC heap after
{Heap after GC invocations=181 (full 3):
 PSYoungGen      total 22528K, used 160K [0x00000000d5580000, 0x00000000d7000000, 0x0000000100000000)
  eden space 22016K, 0% used [0x00000000d5580000,0x00000000d5580000,0x00000000d6b00000)
  from space 512K, 31% used [0x00000000d6f80000,0x00000000d6fa8000,0x00000000d7000000)
  to   space 512K, 0% used [0x00000000d6f00000,0x00000000d6f00000,0x00000000d6f80000)
 ParOldGen       total 68608K, used 47894K [0x0000000080000000, 0x0000000084300000, 0x00000000d5580000)
  object space 68608K, 69% used [0x0000000080000000,0x0000000082ec5ab8,0x0000000084300000)
 Metaspace       used 71420K, committed 73024K, reserved 1114112K
  class space    used 9011K, committed 9728K, reserved 1048576K
}
Event: 1633.973 GC heap before
{Heap before GC invocations=182 (full 3):
 PSYoungGen      total 22528K, used 22176K [0x00000000d5580000, 0x00000000d7000000, 0x0000000100000000)
  eden space 22016K, 100% used [0x00000000d5580000,0x00000000d6b00000,0x00000000d6b00000)
  from space 512K, 31% used [0x00000000d6f80000,0x00000000d6fa8000,0x00000000d7000000)
  to   space 512K, 0% used [0x00000000d6f00000,0x00000000d6f00000,0x00000000d6f80000)
 ParOldGen       total 68608K, used 47894K [0x0000000080000000, 0x0000000084300000, 0x00000000d5580000)
  object space 68608K, 69% used [0x0000000080000000,0x0000000082ec5ab8,0x0000000084300000)
 Metaspace       used 71420K, committed 73024K, reserved 1114112K
  class space    used 9011K, committed 9728K, reserved 1048576K
}
Event: 1633.975 GC heap after
{Heap after GC invocations=182 (full 3):
 PSYoungGen      total 22528K, used 128K [0x00000000d5580000, 0x00000000d7000000, 0x0000000100000000)
  eden space 22016K, 0% used [0x00000000d5580000,0x00000000d5580000,0x00000000d6b00000)
  from space 512K, 25% used [0x00000000d6f00000,0x00000000d6f20000,0x00000000d6f80000)
  to   space 512K, 0% used [0x00000000d6f80000,0x00000000d6f80000,0x00000000d7000000)
 ParOldGen       total 68608K, used 47926K [0x0000000080000000, 0x0000000084300000, 0x00000000d5580000)
  object space 68608K, 69% used [0x0000000080000000,0x0000000082ecdab8,0x0000000084300000)
 Metaspace       used 71420K, committed 73024K, reserved 1114112K
  class space    used 9011K, committed 9728K, reserved 1048576K
}
Event: 1634.562 GC heap before
{Heap before GC invocations=183 (full 3):
 PSYoungGen      total 22528K, used 22144K [0x00000000d5580000, 0x00000000d7000000, 0x0000000100000000)
  eden space 22016K, 100% used [0x00000000d5580000,0x00000000d6b00000,0x00000000d6b00000)
  from space 512K, 25% used [0x00000000d6f00000,0x00000000d6f20000,0x00000000d6f80000)
  to   space 512K, 0% used [0x00000000d6f80000,0x00000000d6f80000,0x00000000d7000000)
 ParOldGen       total 68608K, used 47926K [0x0000000080000000, 0x0000000084300000, 0x00000000d5580000)
  object space 68608K, 69% used [0x0000000080000000,0x0000000082ecdab8,0x0000000084300000)
 Metaspace       used 71420K, committed 73024K, reserved 1114112K
  class space    used 9011K, committed 9728K, reserved 1048576K
}
Event: 1634.564 GC heap after
{Heap after GC invocations=183 (full 3):
 PSYoungGen      total 22528K, used 96K [0x00000000d5580000, 0x00000000d7000000, 0x0000000100000000)
  eden space 22016K, 0% used [0x00000000d5580000,0x00000000d5580000,0x00000000d6b00000)
  from space 512K, 18% used [0x00000000d6f80000,0x00000000d6f98000,0x00000000d7000000)
  to   space 512K, 0% used [0x00000000d6f00000,0x00000000d6f00000,0x00000000d6f80000)
 ParOldGen       total 68608K, used 47958K [0x0000000080000000, 0x0000000084300000, 0x00000000d5580000)
  object space 68608K, 69% used [0x0000000080000000,0x0000000082ed5ab8,0x0000000084300000)
 Metaspace       used 71420K, committed 73024K, reserved 1114112K
  class space    used 9011K, committed 9728K, reserved 1048576K
}
Event: 1662.911 GC heap before
{Heap before GC invocations=184 (full 3):
 PSYoungGen      total 22528K, used 22112K [0x00000000d5580000, 0x00000000d7000000, 0x0000000100000000)
  eden space 22016K, 100% used [0x00000000d5580000,0x00000000d6b00000,0x00000000d6b00000)
  from space 512K, 18% used [0x00000000d6f80000,0x00000000d6f98000,0x00000000d7000000)
  to   space 512K, 0% used [0x00000000d6f00000,0x00000000d6f00000,0x00000000d6f80000)
 ParOldGen       total 68608K, used 47958K [0x0000000080000000, 0x0000000084300000, 0x00000000d5580000)
  object space 68608K, 69% used [0x0000000080000000,0x0000000082ed5ab8,0x0000000084300000)
 Metaspace       used 71420K, committed 73024K, reserved 1114112K
  class space    used 9011K, committed 9728K, reserved 1048576K
}
Event: 1662.983 GC heap after
{Heap after GC invocations=184 (full 3):
 PSYoungGen      total 22528K, used 192K [0x00000000d5580000, 0x00000000d7000000, 0x0000000100000000)
  eden space 22016K, 0% used [0x00000000d5580000,0x00000000d5580000,0x00000000d6b00000)
  from space 512K, 37% used [0x00000000d6f00000,0x00000000d6f30000,0x00000000d6f80000)
  to   space 512K, 0% used [0x00000000d6f80000,0x00000000d6f80000,0x00000000d7000000)
 ParOldGen       total 68608K, used 47958K [0x0000000080000000, 0x0000000084300000, 0x00000000d5580000)
  object space 68608K, 69% used [0x0000000080000000,0x0000000082ed5ab8,0x0000000084300000)
 Metaspace       used 71420K, committed 73024K, reserved 1114112K
  class space    used 9011K, committed 9728K, reserved 1048576K
}
Event: 1718.656 GC heap before
{Heap before GC invocations=185 (full 3):
 PSYoungGen      total 22528K, used 22208K [0x00000000d5580000, 0x00000000d7000000, 0x0000000100000000)
  eden space 22016K, 100% used [0x00000000d5580000,0x00000000d6b00000,0x00000000d6b00000)
  from space 512K, 37% used [0x00000000d6f00000,0x00000000d6f30000,0x00000000d6f80000)
  to   space 512K, 0% used [0x00000000d6f80000,0x00000000d6f80000,0x00000000d7000000)
 ParOldGen       total 68608K, used 47958K [0x0000000080000000, 0x0000000084300000, 0x00000000d5580000)
  object space 68608K, 69% used [0x0000000080000000,0x0000000082ed5ab8,0x0000000084300000)
 Metaspace       used 71473K, committed 73024K, reserved 1114112K
  class space    used 9011K, committed 9728K, reserved 1048576K
}
Event: 1718.763 GC heap after
{Heap after GC invocations=185 (full 3):
 PSYoungGen      total 22528K, used 224K [0x00000000d5580000, 0x00000000d7000000, 0x0000000100000000)
  eden space 22016K, 0% used [0x00000000d5580000,0x00000000d5580000,0x00000000d6b00000)
  from space 512K, 43% used [0x00000000d6f80000,0x00000000d6fb8000,0x00000000d7000000)
  to   space 512K, 0% used [0x00000000d6f00000,0x00000000d6f00000,0x00000000d6f80000)
 ParOldGen       total 68608K, used 47974K [0x0000000080000000, 0x0000000084300000, 0x00000000d5580000)
  object space 68608K, 69% used [0x0000000080000000,0x0000000082ed9ab8,0x0000000084300000)
 Metaspace       used 71473K, committed 73024K, reserved 1114112K
  class space    used 9011K, committed 9728K, reserved 1048576K
}
Event: 1734.833 GC heap before
{Heap before GC invocations=186 (full 3):
 PSYoungGen      total 22528K, used 22240K [0x00000000d5580000, 0x00000000d7000000, 0x0000000100000000)
  eden space 22016K, 100% used [0x00000000d5580000,0x00000000d6b00000,0x00000000d6b00000)
  from space 512K, 43% used [0x00000000d6f80000,0x00000000d6fb8000,0x00000000d7000000)
  to   space 512K, 0% used [0x00000000d6f00000,0x00000000d6f00000,0x00000000d6f80000)
 ParOldGen       total 68608K, used 47974K [0x0000000080000000, 0x0000000084300000, 0x00000000d5580000)
  object space 68608K, 69% used [0x0000000080000000,0x0000000082ed9ab8,0x0000000084300000)
 Metaspace       used 71473K, committed 73024K, reserved 1114112K
  class space    used 9011K, committed 9728K, reserved 1048576K
}
Event: 1735.084 GC heap after
{Heap after GC invocations=186 (full 3):
 PSYoungGen      total 22528K, used 160K [0x00000000d5580000, 0x00000000d7000000, 0x0000000100000000)
  eden space 22016K, 0% used [0x00000000d5580000,0x00000000d5580000,0x00000000d6b00000)
  from space 512K, 31% used [0x00000000d6f00000,0x00000000d6f28000,0x00000000d6f80000)
  to   space 512K, 0% used [0x00000000d6f80000,0x00000000d6f80000,0x00000000d7000000)
 ParOldGen       total 68608K, used 48022K [0x0000000080000000, 0x0000000084300000, 0x00000000d5580000)
  object space 68608K, 69% used [0x0000000080000000,0x0000000082ee5ab8,0x0000000084300000)
 Metaspace       used 71473K, committed 73024K, reserved 1114112K
  class space    used 9011K, committed 9728K, reserved 1048576K
}
Event: 1738.122 GC heap before
{Heap before GC invocations=187 (full 3):
 PSYoungGen      total 22528K, used 22176K [0x00000000d5580000, 0x00000000d7000000, 0x0000000100000000)
  eden space 22016K, 100% used [0x00000000d5580000,0x00000000d6b00000,0x00000000d6b00000)
  from space 512K, 31% used [0x00000000d6f00000,0x00000000d6f28000,0x00000000d6f80000)
  to   space 512K, 0% used [0x00000000d6f80000,0x00000000d6f80000,0x00000000d7000000)
 ParOldGen       total 68608K, used 48022K [0x0000000080000000, 0x0000000084300000, 0x00000000d5580000)
  object space 68608K, 69% used [0x0000000080000000,0x0000000082ee5ab8,0x0000000084300000)
 Metaspace       used 71473K, committed 73024K, reserved 1114112K
  class space    used 9011K, committed 9728K, reserved 1048576K
}
Event: 1738.126 GC heap after
{Heap after GC invocations=187 (full 3):
 PSYoungGen      total 22528K, used 128K [0x00000000d5580000, 0x00000000d7000000, 0x0000000100000000)
  eden space 22016K, 0% used [0x00000000d5580000,0x00000000d5580000,0x00000000d6b00000)
  from space 512K, 25% used [0x00000000d6f80000,0x00000000d6fa0000,0x00000000d7000000)
  to   space 512K, 0% used [0x00000000d6f00000,0x00000000d6f00000,0x00000000d6f80000)
 ParOldGen       total 68608K, used 48046K [0x0000000080000000, 0x0000000084300000, 0x00000000d5580000)
  object space 68608K, 70% used [0x0000000080000000,0x0000000082eebab8,0x0000000084300000)
 Metaspace       used 71473K, committed 73024K, reserved 1114112K
  class space    used 9011K, committed 9728K, reserved 1048576K
}
Event: 1773.951 GC heap before
{Heap before GC invocations=188 (full 3):
 PSYoungGen      total 22528K, used 22144K [0x00000000d5580000, 0x00000000d7000000, 0x0000000100000000)
  eden space 22016K, 100% used [0x00000000d5580000,0x00000000d6b00000,0x00000000d6b00000)
  from space 512K, 25% used [0x00000000d6f80000,0x00000000d6fa0000,0x00000000d7000000)
  to   space 512K, 0% used [0x00000000d6f00000,0x00000000d6f00000,0x00000000d6f80000)
 ParOldGen       total 68608K, used 48046K [0x0000000080000000, 0x0000000084300000, 0x00000000d5580000)
  object space 68608K, 70% used [0x0000000080000000,0x0000000082eebab8,0x0000000084300000)
 Metaspace       used 71509K, committed 73152K, reserved 1114112K
  class space    used 9018K, committed 9728K, reserved 1048576K
}
Event: 1774.015 GC heap after
{Heap after GC invocations=188 (full 3):
 PSYoungGen      total 22528K, used 480K [0x00000000d5580000, 0x00000000d7000000, 0x0000000100000000)
  eden space 22016K, 0% used [0x00000000d5580000,0x00000000d5580000,0x00000000d6b00000)
  from space 512K, 93% used [0x00000000d6f00000,0x00000000d6f78010,0x00000000d6f80000)
  to   space 512K, 0% used [0x00000000d6f80000,0x00000000d6f80000,0x00000000d7000000)
 ParOldGen       total 68608K, used 48046K [0x0000000080000000, 0x0000000084300000, 0x00000000d5580000)
  object space 68608K, 70% used [0x0000000080000000,0x0000000082eebab8,0x0000000084300000)
 Metaspace       used 71509K, committed 73152K, reserved 1114112K
  class space    used 9018K, committed 9728K, reserved 1048576K
}

Dll operation events (15 events):
Event: 0.020 Loaded shared library c:\Users\pc\.antigravity\extensions\redhat.java-1.50.0-win32-x64\jre\21.0.9-win32-x86_64\bin\java.dll
Event: 1.633 Loaded shared library c:\Users\pc\.antigravity\extensions\redhat.java-1.50.0-win32-x64\jre\21.0.9-win32-x86_64\bin\zip.dll
Event: 1.694 Loaded shared library C:\Users\pc\.antigravity\extensions\redhat.java-1.50.0-win32-x64\jre\21.0.9-win32-x86_64\bin\instrument.dll
Event: 1.703 Loaded shared library C:\Users\pc\.antigravity\extensions\redhat.java-1.50.0-win32-x64\jre\21.0.9-win32-x86_64\bin\net.dll
Event: 1.710 Loaded shared library C:\Users\pc\.antigravity\extensions\redhat.java-1.50.0-win32-x64\jre\21.0.9-win32-x86_64\bin\nio.dll
Event: 1.716 Loaded shared library C:\Users\pc\.antigravity\extensions\redhat.java-1.50.0-win32-x64\jre\21.0.9-win32-x86_64\bin\zip.dll
Event: 1.786 Loaded shared library C:\Users\pc\.antigravity\extensions\redhat.java-1.50.0-win32-x64\jre\21.0.9-win32-x86_64\bin\jimage.dll
Event: 2.014 Loaded shared library c:\Users\pc\.antigravity\extensions\redhat.java-1.50.0-win32-x64\jre\21.0.9-win32-x86_64\bin\verify.dll
Event: 28.156 Loaded shared library C:\Users\pc\AppData\Roaming\Antigravity\User\globalStorage\redhat.java\1.50.0\config_win\org.eclipse.equinox.launcher\org.eclipse.equinox.launcher.win32.win32.x86_64_1.2.1400.v20250801-0854\eclipse_11916.dll
Event: 64.175 Loaded shared library C:\Users\pc\AppData\Local\Temp\jna-3571\jna3044090290139610416.dll
Event: 70.735 Loaded shared library C:\Users\pc\.antigravity\extensions\redhat.java-1.50.0-win32-x64\jre\21.0.9-win32-x86_64\bin\sunmscapi.dll
Event: 71.095 Loaded shared library C:\Users\pc\.antigravity\extensions\redhat.java-1.50.0-win32-x64\jre\21.0.9-win32-x86_64\bin\extnet.dll
Event: 72.417 Loaded shared library C:\Users\pc\.gradle\native\1def1411415f61bf3af743bc5b6707747c0891f09f0c88961ee8f79bc544acac\windows-amd64\native-platform.dll
Event: 76.472 Loaded shared library C:\Users\pc\.antigravity\extensions\redhat.java-1.50.0-win32-x64\jre\21.0.9-win32-x86_64\bin\management.dll
Event: 76.485 Loaded shared library C:\Users\pc\.antigravity\extensions\redhat.java-1.50.0-win32-x64\jre\21.0.9-win32-x86_64\bin\management_ext.dll

Deoptimization events (20 events):
Event: 1715.361 Thread 0x000001b50b01de20 DEOPT PACKING pc=0x000001b4b7d1bdd4 sp=0x0000007d024fefb0
Event: 1715.361 Thread 0x000001b50b01de20 DEOPT UNPACKING pc=0x000001b4b7183aa2 sp=0x0000007d024fef40 mode 2
Event: 1770.442 Thread 0x000001b50b01d790 DEOPT PACKING pc=0x000001b4b0c3dd39 sp=0x0000007d022fc840
Event: 1770.469 Thread 0x000001b50b01d790 DEOPT UNPACKING pc=0x000001b4b7184242 sp=0x0000007d022fbd40 mode 0
Event: 1771.778 Thread 0x000001b50b01d790 DEOPT PACKING pc=0x000001b4b0be6d46 sp=0x0000007d022fc290
Event: 1771.778 Thread 0x000001b50b01d790 DEOPT UNPACKING pc=0x000001b4b7184242 sp=0x0000007d022fb810 mode 0
Event: 1771.996 Thread 0x000001b50b01d790 DEOPT PACKING pc=0x000001b4b0c3dd39 sp=0x0000007d022fc840
Event: 1772.003 Thread 0x000001b50b01d790 DEOPT UNPACKING pc=0x000001b4b7184242 sp=0x0000007d022fbd40 mode 0
Event: 1772.390 Thread 0x000001b50b01d790 DEOPT PACKING pc=0x000001b4b0c3dd39 sp=0x0000007d022fc840
Event: 1772.390 Thread 0x000001b50b01d790 DEOPT UNPACKING pc=0x000001b4b7184242 sp=0x0000007d022fbd40 mode 0
Event: 1772.555 Thread 0x000001b50b01d790 DEOPT PACKING pc=0x000001b4b0be6d46 sp=0x0000007d022fc620
Event: 1772.555 Thread 0x000001b50b01d790 DEOPT UNPACKING pc=0x000001b4b7184242 sp=0x0000007d022fbba0 mode 0
Event: 1774.777 Thread 0x000001b50b01b6c0 Uncommon trap: trap_request=0xffffffde fr.pc=0x000001b4b788e298 relative=0x00000000000004b8
Event: 1774.779 Thread 0x000001b50b01b6c0 Uncommon trap: reason=class_check action=maybe_recompile pc=0x000001b4b788e298 method=java.util.AbstractMap.hashCode()I @ 3 c2
Event: 1774.779 Thread 0x000001b50b01b6c0 DEOPT PACKING pc=0x000001b4b788e298 sp=0x0000007d027fec90
Event: 1774.779 Thread 0x000001b50b01b6c0 DEOPT UNPACKING pc=0x000001b4b7183aa2 sp=0x0000007d027fec38 mode 2
Event: 1774.781 Thread 0x000001b50b0bf580 Uncommon trap: trap_request=0xffffffde fr.pc=0x000001b4b788e298 relative=0x00000000000004b8
Event: 1774.781 Thread 0x000001b50b0bf580 Uncommon trap: reason=class_check action=maybe_recompile pc=0x000001b4b788e298 method=java.util.AbstractMap.hashCode()I @ 3 c2
Event: 1774.781 Thread 0x000001b50b0bf580 DEOPT PACKING pc=0x000001b4b788e298 sp=0x0000007d026fed20
Event: 1774.781 Thread 0x000001b50b0bf580 DEOPT UNPACKING pc=0x000001b4b7183aa2 sp=0x0000007d026fecc8 mode 2

Classes loaded (20 events):
Event: 381.828 Loading class java/util/concurrent/ForkJoinTask$AdaptedCallable
Event: 381.853 Loading class java/util/concurrent/ForkJoinTask$AdaptedCallable done
Event: 382.162 Loading class java/util/stream/Nodes$CollectorTask$OfRef
Event: 382.271 Loading class java/util/stream/Nodes$CollectorTask
Event: 382.351 Loading class java/util/stream/Nodes$CollectorTask done
Event: 382.351 Loading class java/util/stream/Nodes$CollectorTask$OfRef done
Event: 382.551 Loading class java/util/function/LongFunction
Event: 382.675 Loading class java/util/function/LongFunction done
Event: 382.850 Loading class java/util/stream/Nodes$ConcNode
Event: 383.093 Loading class java/util/stream/Nodes$AbstractConcNode
Event: 383.236 Loading class java/util/stream/Nodes$AbstractConcNode done
Event: 383.237 Loading class java/util/stream/Nodes$ConcNode done
Event: 1399.401 Loading class java/util/stream/DistinctOps
Event: 1399.418 Loading class java/util/stream/DistinctOps done
Event: 1399.418 Loading class java/util/stream/DistinctOps$1
Event: 1399.452 Loading class java/util/stream/DistinctOps$1 done
Event: 1399.667 Loading class java/util/stream/DistinctOps$1$2
Event: 1399.677 Loading class java/util/stream/DistinctOps$1$2 done
Event: 1400.135 Loading class java/util/ArrayDeque$DeqSpliterator
Event: 1400.137 Loading class java/util/ArrayDeque$DeqSpliterator done

Classes unloaded (7 events):
Event: 65.884 Thread 0x000001b4c3452ad0 Unloading class 0x000001b4c51b4000 'java/lang/invoke/LambdaForm$MH+0x000001b4c51b4000'
Event: 65.884 Thread 0x000001b4c3452ad0 Unloading class 0x000001b4c51b3c00 'java/lang/invoke/LambdaForm$MH+0x000001b4c51b3c00'
Event: 65.884 Thread 0x000001b4c3452ad0 Unloading class 0x000001b4c51b3800 'java/lang/invoke/LambdaForm$MH+0x000001b4c51b3800'
Event: 65.884 Thread 0x000001b4c3452ad0 Unloading class 0x000001b4c51b3400 'java/lang/invoke/LambdaForm$MH+0x000001b4c51b3400'
Event: 65.884 Thread 0x000001b4c3452ad0 Unloading class 0x000001b4c51b3000 'java/lang/invoke/LambdaForm$BMH+0x000001b4c51b3000'
Event: 65.884 Thread 0x000001b4c3452ad0 Unloading class 0x000001b4c51b2c00 'java/lang/invoke/LambdaForm$DMH+0x000001b4c51b2c00'
Event: 65.884 Thread 0x000001b4c3452ad0 Unloading class 0x000001b4c51b1800 'java/lang/invoke/LambdaForm$DMH+0x000001b4c51b1800'

Classes redefined (0 events):
No events

Internal exceptions (20 events):
Event: 271.518 Thread 0x000001b50ccfdf00 Exception <a 'sun/nio/fs/WindowsException'{0x00000000d63792a8}> (0x00000000d63792a8) 
thrown [s\src\hotspot\share\prims\jni.cpp, line 520]
Event: 271.518 Thread 0x000001b50ccfdf00 Exception <a 'sun/nio/fs/WindowsException'{0x00000000d6379f88}> (0x00000000d6379f88) 
thrown [s\src\hotspot\share\prims\jni.cpp, line 520]
Event: 271.521 Thread 0x000001b50ccfdf00 Exception <a 'sun/nio/fs/WindowsException'{0x00000000d63863d0}> (0x00000000d63863d0) 
thrown [s\src\hotspot\share\prims\jni.cpp, line 520]
Event: 271.521 Thread 0x000001b50ccfdf00 Exception <a 'sun/nio/fs/WindowsException'{0x00000000d63878b8}> (0x00000000d63878b8) 
thrown [s\src\hotspot\share\prims\jni.cpp, line 520]
Event: 272.224 Thread 0x000001b50b01de20 Exception <a 'java/lang/NoSuchMethodError'{0x00000000d6689710}: 'java.lang.Object java.lang.invoke.DirectMethodHandle$Holder.invokeStatic(java.lang.Object, java.lang.Object, int, java.lang.Object)'> (0x00000000d6689710) 
thrown [s\src\hotspot\share\interpreter\linkResolver.cpp, line 773]
Event: 272.224 Thread 0x000001b50b01ca70 Exception <a 'java/lang/NoSuchMethodError'{0x00000000d669a3f0}: 'java.lang.Object java.lang.invoke.DirectMethodHandle$Holder.invokeStatic(java.lang.Object, java.lang.Object, int, java.lang.Object)'> (0x00000000d669a3f0) 
thrown [s\src\hotspot\share\interpreter\linkResolver.cpp, line 773]
Event: 272.689 Thread 0x000001b50b01de20 Exception <a 'java/io/FileNotFoundException'{0x00000000d693b790}> (0x00000000d693b790) 
thrown [s\src\hotspot\share\prims\jni.cpp, line 520]
Event: 272.690 Thread 0x000001b50b01de20 Exception <a 'java/io/FileNotFoundException'{0x00000000d693c900}> (0x00000000d693c900) 
thrown [s\src\hotspot\share\prims\jni.cpp, line 520]
Event: 274.113 Thread 0x000001b50ccfdf00 Exception <a 'java/lang/IncompatibleClassChangeError'{0x00000000d65b6a90}: Found class java.lang.Object, but interface was expected> (0x00000000d65b6a90) 
thrown [s\src\hotspot\share\interpreter\linkResolver.cpp, line 840]
Event: 388.944 Thread 0x000001b50b01b6c0 Exception <a 'java/lang/NoSuchMethodError'{0x00000000d625af18}: 'java.lang.Object java.lang.invoke.DirectMethodHandle$Holder.newInvokeSpecial(java.lang.Object, java.lang.Object, java.lang.Object, java.lang.Object, java.lang.Object, java.lang.Object, java.lang.Object, java.lang.Object)'> (0x00000000d625af18) 
thrown [s\src\hotspot\share\interpreter\linkResolver.cpp, line 773]
Event: 1399.793 Thread 0x000001b50ccfa3f0 Implicit null exception at 0x000001b4b7a940ca to 0x000001b4b7a95154
Event: 1399.847 Thread 0x000001b50ccfa3f0 Implicit null exception at 0x000001b4b7a80d0d to 0x000001b4b7a81070
Event: 1406.312 Thread 0x000001b50ccfdf00 Exception <a 'java/lang/IncompatibleClassChangeError'{0x00000000d6526c98}: Found class java.lang.Object, but interface was expected> (0x00000000d6526c98) 
thrown [s\src\hotspot\share\interpreter\linkResolver.cpp, line 840]
Event: 1406.434 Thread 0x000001b50ccfdf00 Exception <a 'sun/nio/fs/WindowsException'{0x00000000d6574b28}> (0x00000000d6574b28) 
thrown [s\src\hotspot\share\prims\jni.cpp, line 520]
Event: 1406.436 Thread 0x000001b50ccfdf00 Exception <a 'sun/nio/fs/WindowsException'{0x00000000d6575250}> (0x00000000d6575250) 
thrown [s\src\hotspot\share\prims\jni.cpp, line 520]
Event: 1406.440 Thread 0x000001b50ccfdf00 Exception <a 'sun/nio/fs/WindowsException'{0x00000000d6586918}> (0x00000000d6586918) 
thrown [s\src\hotspot\share\prims\jni.cpp, line 520]
Event: 1406.440 Thread 0x000001b50ccfdf00 Exception <a 'sun/nio/fs/WindowsException'{0x00000000d6587040}> (0x00000000d6587040) 
thrown [s\src\hotspot\share\prims\jni.cpp, line 520]
Event: 1406.518 Thread 0x000001b50b01d790 Implicit null exception at 0x000001b4b7cc9ea1 to 0x000001b4b7cca004
Event: 1773.166 Thread 0x000001b50b01d790 Exception <a 'java/lang/NoSuchMethodError'{0x00000000d6a8a1d0}: static Lorg/gradle/api/GradleException;.<clinit>()V> (0x00000000d6a8a1d0) 
thrown [s\src\hotspot\share\prims\jni.cpp, line 1111]
Event: 1773.254 Thread 0x000001b50b01d790 Exception <a 'java/lang/NoSuchMethodError'{0x00000000d6a8b688}: static Lorg/gradle/api/internal/tasks/DefaultTaskContainer$TaskCreationException;.<clinit>()V> (0x00000000d6a8b688) 
thrown [s\src\hotspot\share\prims\jni.cpp, line 1111]

ZGC Phase Switch (0 events):
No events

VM Operations (20 events):
Event: 1767.391 Executing VM operation: Cleanup
Event: 1767.455 Executing VM operation: Cleanup done
Event: 1773.457 Executing VM operation: Cleanup
Event: 1773.461 Executing VM operation: Cleanup done
Event: 1773.950 Executing VM operation: ParallelGCFailedAllocation (Allocation Failure)
Event: 1774.015 Executing VM operation: ParallelGCFailedAllocation (Allocation Failure) done
Event: 1776.016 Executing VM operation: Cleanup
Event: 1776.016 Executing VM operation: Cleanup done
Event: 1804.573 Executing VM operation: HandshakeAllThreads (HandshakeForDeflation)
Event: 1804.577 Executing VM operation: HandshakeAllThreads (HandshakeForDeflation) done
Event: 1804.577 Executing VM operation: RendezvousGCThreads
Event: 1804.577 Executing VM operation: RendezvousGCThreads done
Event: 2019.684 Executing VM operation: Cleanup
Event: 2019.711 Executing VM operation: Cleanup done
Event: 2020.712 Executing VM operation: Cleanup
Event: 2020.714 Executing VM operation: Cleanup done
Event: 2045.202 Executing VM operation: HandshakeAllThreads (HandshakeForDeflation)
Event: 2045.215 Executing VM operation: HandshakeAllThreads (HandshakeForDeflation) done
Event: 2045.215 Executing VM operation: RendezvousGCThreads
Event: 2045.216 Executing VM operation: RendezvousGCThreads done

Memory protections (0 events):
No events

Nmethod flushes (20 events):
Event: 76.629 Thread 0x000001b4c3452ad0 flushing  nmethod 0x000001b4b054ea90
Event: 76.629 Thread 0x000001b4c3452ad0 flushing  nmethod 0x000001b4b054ee10
Event: 76.629 Thread 0x000001b4c3452ad0 flushing  nmethod 0x000001b4b0550590
Event: 76.629 Thread 0x000001b4c3452ad0 flushing  nmethod 0x000001b4b0550a90
Event: 76.629 Thread 0x000001b4c3452ad0 flushing  nmethod 0x000001b4b0564e90
Event: 76.629 Thread 0x000001b4c3452ad0 flushing  nmethod 0x000001b4b056a590
Event: 76.629 Thread 0x000001b4c3452ad0 flushing  nmethod 0x000001b4b0573d10
Event: 76.629 Thread 0x000001b4c3452ad0 flushing  nmethod 0x000001b4b0576610
Event: 76.629 Thread 0x000001b4c3452ad0 flushing  nmethod 0x000001b4b057b210
Event: 76.629 Thread 0x000001b4c3452ad0 flushing  nmethod 0x000001b4b057b810
Event: 76.629 Thread 0x000001b4c3452ad0 flushing  nmethod 0x000001b4b0581690
Event: 76.629 Thread 0x000001b4c3452ad0 flushing  nmethod 0x000001b4b0581b90
Event: 76.629 Thread 0x000001b4c3452ad0 flushing  nmethod 0x000001b4b0585f90
Event: 76.629 Thread 0x000001b4c3452ad0 flushing osr nmethod 0x000001b4b058dd10
Event: 76.629 Thread 0x000001b4c3452ad0 flushing  nmethod 0x000001b4b0590590
Event: 76.629 Thread 0x000001b4c3452ad0 flushing  nmethod 0x000001b4b0592390
Event: 76.629 Thread 0x000001b4c3452ad0 flushing  nmethod 0x000001b4b0596810
Event: 76.629 Thread 0x000001b4c3452ad0 flushing  nmethod 0x000001b4b05bcd90
Event: 76.629 Thread 0x000001b4c3452ad0 flushing  nmethod 0x000001b4b05c0590
Event: 76.629 Thread 0x000001b4c3452ad0 flushing  nmethod 0x000001b4b05f6710

Events (20 events):
Event: 1467.183 Thread 0x000001b50ccf89b0 Thread exited: 0x000001b50ccf89b0
Event: 1467.531 Thread 0x000001b50ccfd870 Thread exited: 0x000001b50ccfd870
Event: 1471.306 Thread 0x000001b50b0bdb40 Thread exited: 0x000001b50b0bdb40
Event: 1668.774 Thread 0x000001b50b01d100 Thread added: 0x000001b50b0bf580
Event: 1681.443 Thread 0x000001b50b01d100 Thread added: 0x000001b50b0be860
Event: 1701.687 Thread 0x000001b50ccfec20 Thread added: 0x000001b50b0c4440
Event: 1701.875 Thread 0x000001b50b0c4440 Thread exited: 0x000001b50b0c4440
Event: 1702.026 Thread 0x000001b50ccfec20 Thread added: 0x000001b50b0c02a0
Event: 1702.027 Thread 0x000001b50b0c02a0 Thread exited: 0x000001b50b0c02a0
Event: 1760.532 Thread 0x000001b50b01d790 Thread added: 0x000001b50b0bfc10
Event: 1766.912 Thread 0x000001b50b0bfc10 Thread exited: 0x000001b50b0bfc10
Event: 1767.010 Thread 0x000001b50b01de20 Thread exited: 0x000001b50b01de20
Event: 1773.779 Thread 0x000001b50b01d790 Thread exited: 0x000001b50b01d790
Event: 1773.917 Thread 0x000001b50b0be860 Thread exited: 0x000001b50b0be860
Event: 1834.388 Thread 0x000001b50b01d100 Thread exited: 0x000001b50b01d100
Event: 1834.848 Thread 0x000001b50b01b6c0 Thread exited: 0x000001b50b01b6c0
Event: 2018.675 Thread 0x000001b50ccfec20 Thread added: 0x000001b50b0c0930
Event: 2018.759 Thread 0x000001b50b0c0930 Thread exited: 0x000001b50b0c0930
Event: 2018.855 Thread 0x000001b50ccfec20 Thread added: 0x000001b50b0beef0
Event: 2018.860 Thread 0x000001b50b0beef0 Thread exited: 0x000001b50b0beef0


Dynamic libraries:
0x00007ff6ecf60000 - 0x00007ff6ecf6e000 	c:\Users\pc\.antigravity\extensions\redhat.java-1.50.0-win32-x64\jre\21.0.9-win32-x86_64\bin\java.exe
0x00007ffa044f0000 - 0x00007ffa046e8000 	C:\Windows\SYSTEM32\ntdll.dll
0x00007ffa03990000 - 0x00007ffa03a52000 	C:\Windows\System32\KERNEL32.DLL
0x00007ffa01b50000 - 0x00007ffa01e46000 	C:\Windows\System32\KERNELBASE.dll
0x00007ffa01f60000 - 0x00007ffa02060000 	C:\Windows\System32\ucrtbase.dll
0x00007ff9c8200000 - 0x00007ff9c8218000 	c:\Users\pc\.antigravity\extensions\redhat.java-1.50.0-win32-x64\jre\21.0.9-win32-x86_64\bin\jli.dll
0x00007ffa03380000 - 0x00007ffa03521000 	C:\Windows\System32\USER32.dll
0x00007ffa01f30000 - 0x00007ffa01f52000 	C:\Windows\System32\win32u.dll
0x00007ffa026e0000 - 0x00007ffa0270b000 	C:\Windows\System32\GDI32.dll
0x00007ffa020b0000 - 0x00007ffa021c9000 	C:\Windows\System32\gdi32full.dll
0x00007ffa021d0000 - 0x00007ffa0226d000 	C:\Windows\System32\msvcp_win.dll
0x00007ff9d4ec0000 - 0x00007ff9d4ede000 	c:\Users\pc\.antigravity\extensions\redhat.java-1.50.0-win32-x64\jre\21.0.9-win32-x86_64\bin\VCRUNTIME140.dll
0x00007ff9e3500000 - 0x00007ff9e379b000 	C:\Windows\WinSxS\amd64_microsoft.windows.common-controls_6595b64144ccf1df_6.0.19041.6456_none_60b8a6cb71f64256\COMCTL32.dll
0x00007ffa024e0000 - 0x00007ffa0257e000 	C:\Windows\System32\msvcrt.dll
0x00007ffa02580000 - 0x00007ffa025af000 	C:\Windows\System32\IMM32.DLL
0x00007ff9d6cb0000 - 0x00007ff9d6cbc000 	c:\Users\pc\.antigravity\extensions\redhat.java-1.50.0-win32-x64\jre\21.0.9-win32-x86_64\bin\vcruntime140_1.dll
0x00007ff9b01c0000 - 0x00007ff9b024d000 	c:\Users\pc\.antigravity\extensions\redhat.java-1.50.0-win32-x64\jre\21.0.9-win32-x86_64\bin\msvcp140.dll
0x00007ff957570000 - 0x00007ff958310000 	c:\Users\pc\.antigravity\extensions\redhat.java-1.50.0-win32-x64\jre\21.0.9-win32-x86_64\bin\server\jvm.dll
0x00007ffa02a90000 - 0x00007ffa02b41000 	C:\Windows\System32\ADVAPI32.dll
0x00007ffa038f0000 - 0x00007ffa0398f000 	C:\Windows\System32\sechost.dll
0x00007ffa035a0000 - 0x00007ffa036c0000 	C:\Windows\System32\RPCRT4.dll
0x00007ffa01e50000 - 0x00007ffa01e77000 	C:\Windows\System32\bcrypt.dll
0x00007ffa03740000 - 0x00007ffa037ab000 	C:\Windows\System32\WS2_32.dll
0x00007ffa014b0000 - 0x00007ffa014fb000 	C:\Windows\SYSTEM32\POWRPROF.dll
0x00007ff9eb9f0000 - 0x00007ff9eba17000 	C:\Windows\SYSTEM32\WINMM.dll
0x00007ff9faa40000 - 0x00007ff9faa4a000 	C:\Windows\SYSTEM32\VERSION.dll
0x00007ffa01470000 - 0x00007ffa01482000 	C:\Windows\SYSTEM32\UMPDC.dll
0x00007ffa00320000 - 0x00007ffa00332000 	C:\Windows\SYSTEM32\kernel.appcore.dll
0x00007ff9d6180000 - 0x00007ff9d618a000 	c:\Users\pc\.antigravity\extensions\redhat.java-1.50.0-win32-x64\jre\21.0.9-win32-x86_64\bin\jimage.dll
0x00007ff9ff710000 - 0x00007ff9ff911000 	C:\Windows\SYSTEM32\DBGHELP.DLL
0x00007ff9f96f0000 - 0x00007ff9f9724000 	C:\Windows\SYSTEM32\dbgcore.DLL
0x00007ffa023d0000 - 0x00007ffa02452000 	C:\Windows\System32\bcryptPrimitives.dll
0x00007ff9d60d0000 - 0x00007ff9d60df000 	c:\Users\pc\.antigravity\extensions\redhat.java-1.50.0-win32-x64\jre\21.0.9-win32-x86_64\bin\instrument.dll
0x00007ff9c7be0000 - 0x00007ff9c7c00000 	c:\Users\pc\.antigravity\extensions\redhat.java-1.50.0-win32-x64\jre\21.0.9-win32-x86_64\bin\java.dll
0x00007ffa03a60000 - 0x00007ffa041d0000 	C:\Windows\System32\SHELL32.dll
0x00007ff9ffb60000 - 0x00007ffa00305000 	C:\Windows\SYSTEM32\windows.storage.dll
0x00007ffa02710000 - 0x00007ffa02a64000 	C:\Windows\System32\combase.dll
0x00007ffa01430000 - 0x00007ffa0145b000 	C:\Windows\SYSTEM32\Wldp.dll
0x00007ffa02de0000 - 0x00007ffa02ead000 	C:\Windows\System32\OLEAUT32.dll
0x00007ffa02610000 - 0x00007ffa026bd000 	C:\Windows\System32\SHCORE.dll
0x00007ffa03540000 - 0x00007ffa0359b000 	C:\Windows\System32\shlwapi.dll
0x00007ffa01a80000 - 0x00007ffa01aa4000 	C:\Windows\SYSTEM32\profapi.dll
0x00007ff9c77f0000 - 0x00007ff9c7808000 	c:\Users\pc\.antigravity\extensions\redhat.java-1.50.0-win32-x64\jre\21.0.9-win32-x86_64\bin\zip.dll
0x00007ff9cb740000 - 0x00007ff9cb750000 	C:\Users\pc\.antigravity\extensions\redhat.java-1.50.0-win32-x64\jre\21.0.9-win32-x86_64\bin\net.dll
0x00007ff9f9e40000 - 0x00007ff9f9f4a000 	C:\Windows\SYSTEM32\WINHTTP.dll
0x00007ffa01210000 - 0x00007ffa0127a000 	C:\Windows\system32\mswsock.dll
0x00007ff9c4110000 - 0x00007ff9c4126000 	C:\Users\pc\.antigravity\extensions\redhat.java-1.50.0-win32-x64\jre\21.0.9-win32-x86_64\bin\nio.dll
0x00007ff9d50b0000 - 0x00007ff9d50c0000 	c:\Users\pc\.antigravity\extensions\redhat.java-1.50.0-win32-x64\jre\21.0.9-win32-x86_64\bin\verify.dll
0x00007ff9c2680000 - 0x00007ff9c26c4000 	C:\Users\pc\AppData\Roaming\Antigravity\User\globalStorage\redhat.java\1.50.0\config_win\org.eclipse.equinox.launcher\org.eclipse.equinox.launcher.win32.win32.x86_64_1.2.1400.v20250801-0854\eclipse_11916.dll
0x00007ffa04230000 - 0x00007ffa0435b000 	C:\Windows\System32\ole32.dll
0x00007ffa01490000 - 0x00007ffa014a8000 	C:\Windows\SYSTEM32\CRYPTSP.dll
0x00007ffa00ae0000 - 0x00007ffa00b18000 	C:\Windows\system32\rsaenh.dll
0x00007ffa01a00000 - 0x00007ffa01a2e000 	C:\Windows\SYSTEM32\USERENV.dll
0x00007ffa013a0000 - 0x00007ffa013ac000 	C:\Windows\SYSTEM32\CRYPTBASE.dll
0x00007ffa00f10000 - 0x00007ffa00f4b000 	C:\Windows\SYSTEM32\IPHLPAPI.DLL
0x00007ffa02a70000 - 0x00007ffa02a78000 	C:\Windows\System32\NSI.dll
0x00007ff9bce00000 - 0x00007ff9bce49000 	C:\Users\pc\AppData\Local\Temp\jna-3571\jna3044090290139610416.dll
0x00007ffa03530000 - 0x00007ffa03538000 	C:\Windows\System32\PSAPI.DLL
0x00007ff9fb000000 - 0x00007ff9fb017000 	C:\Windows\SYSTEM32\dhcpcsvc6.DLL
0x00007ff9fafe0000 - 0x00007ff9faffd000 	C:\Windows\SYSTEM32\dhcpcsvc.DLL
0x00007ff9c6200000 - 0x00007ff9c620e000 	C:\Users\pc\.antigravity\extensions\redhat.java-1.50.0-win32-x64\jre\21.0.9-win32-x86_64\bin\sunmscapi.dll
0x00007ffa02270000 - 0x00007ffa023cd000 	C:\Windows\System32\CRYPT32.dll
0x00007ffa015f0000 - 0x00007ffa01617000 	C:\Windows\SYSTEM32\ncrypt.dll
0x00007ffa015b0000 - 0x00007ffa015eb000 	C:\Windows\SYSTEM32\NTASN1.dll
0x00007ffa00f50000 - 0x00007ffa0101a000 	C:\Windows\SYSTEM32\DNSAPI.dll
0x00007ff9fb080000 - 0x00007ff9fb08a000 	C:\Windows\System32\rasadhlp.dll
0x00007ff9f0760000 - 0x00007ff9f07e0000 	C:\Windows\System32\fwpuclnt.dll
0x00007ff9c6070000 - 0x00007ff9c6079000 	C:\Users\pc\.antigravity\extensions\redhat.java-1.50.0-win32-x64\jre\21.0.9-win32-x86_64\bin\extnet.dll
0x00007ff9c7900000 - 0x00007ff9c7927000 	C:\Users\pc\.gradle\native\1def1411415f61bf3af743bc5b6707747c0891f09f0c88961ee8f79bc544acac\windows-amd64\native-platform.dll
0x00007ff9c6dc0000 - 0x00007ff9c6dca000 	C:\Users\pc\.antigravity\extensions\redhat.java-1.50.0-win32-x64\jre\21.0.9-win32-x86_64\bin\management.dll
0x00007ff9c6210000 - 0x00007ff9c621c000 	C:\Users\pc\.antigravity\extensions\redhat.java-1.50.0-win32-x64\jre\21.0.9-win32-x86_64\bin\management_ext.dll
0x00007ff9f7340000 - 0x00007ff9f7347000 	C:\Windows\system32\wshunix.dll

JVMTI agents:
c:\Users\pc\.antigravity\extensions\redhat.java-1.50.0-win32-x64\lombok\lombok-1.18.39-4050.jar path:c:\Users\pc\.antigravity\extensions\redhat.java-1.50.0-win32-x64\jre\21.0.9-win32-x86_64\bin\instrument.dll, loaded, initialized, instrumentlib options:none

dbghelp: loaded successfully - version: 4.0.5 - missing functions: none
symbol engine: initialized successfully - sym options: 0x614 - pdb path: .;c:\Users\pc\.antigravity\extensions\redhat.java-1.50.0-win32-x64\jre\21.0.9-win32-x86_64\bin;C:\Windows\SYSTEM32;C:\Windows\WinSxS\amd64_microsoft.windows.common-controls_6595b64144ccf1df_6.0.19041.6456_none_60b8a6cb71f64256;c:\Users\pc\.antigravity\extensions\redhat.java-1.50.0-win32-x64\jre\21.0.9-win32-x86_64\bin\server;C:\Users\pc\AppData\Roaming\Antigravity\User\globalStorage\redhat.java\1.50.0\config_win\org.eclipse.equinox.launcher\org.eclipse.equinox.launcher.win32.win32.x86_64_1.2.1400.v20250801-0854;C:\Users\pc\AppData\Local\Temp\jna-3571;C:\Users\pc\.gradle\native\1def1411415f61bf3af743bc5b6707747c0891f09f0c88961ee8f79bc544acac\windows-amd64

VM Arguments:
jvm_args: --add-modules=ALL-SYSTEM --add-opens=java.base/java.util=ALL-UNNAMED --add-opens=java.base/java.lang=ALL-UNNAMED --add-opens=java.base/sun.nio.fs=ALL-UNNAMED -Declipse.application=org.eclipse.jdt.ls.core.id1 -Dosgi.bundles.defaultStartLevel=4 -Declipse.product=org.eclipse.jdt.ls.core.product -Djava.import.generatesMetadataFilesAtProjectRoot=false -DDetectVMInstallationsJob.disabled=true -Dfile.encoding=utf8 -XX:+UseParallelGC -XX:GCTimeRatio=4 -XX:AdaptiveSizePolicyWeight=90 -Dsun.zip.disableMemoryMapping=true -Xmx2G -Xms100m -Xlog:disable -javaagent:c:\Users\pc\.antigravity\extensions\redhat.java-1.50.0-win32-x64\lombok\lombok-1.18.39-4050.jar -XX:+HeapDumpOnOutOfMemoryError -XX:HeapDumpPath=c:\Users\pc\AppData\Roaming\Antigravity\User\workspaceStorage\47ce89da41dd14ed8372e9d3cee91e7b\redhat.java -Daether.dependencyCollector.impl=bf 
java_command: c:\Users\pc\.antigravity\extensions\redhat.java-1.50.0-win32-x64\server\plugins\org.eclipse.equinox.launcher_1.7.100.v20251111-0406.jar -configuration c:\Users\pc\AppData\Roaming\Antigravity\User\globalStorage\redhat.java\1.50.0\config_win -data c:\Users\pc\AppData\Roaming\Antigravity\User\workspaceStorage\47ce89da41dd14ed8372e9d3cee91e7b\redhat.java\jdt_ws --pipe=\\.\pipe\lsp-b30dd16846725d216aa0cb224c8655af-sock
java_class_path (initial): c:\Users\pc\.antigravity\extensions\redhat.java-1.50.0-win32-x64\server\plugins\org.eclipse.equinox.launcher_1.7.100.v20251111-0406.jar
Launcher Type: SUN_STANDARD

[Global flags]
    uintx AdaptiveSizePolicyWeight                 = 90                                        {product} {command line}
     intx CICompilerCount                          = 4                                         {product} {ergonomic}
    uintx GCTimeRatio                              = 4                                         {product} {command line}
     bool HeapDumpOnOutOfMemoryError               = true                                   {manageable} {command line}
    ccstr HeapDumpPath                             = c:\Users\pc\AppData\Roaming\Antigravity\User\workspaceStorage\47ce89da41dd14ed8372e9d3cee91e7b\redhat.java         {manageable} {command line}
   size_t InitialHeapSize                          = 104857600                                 {product} {command line}
   size_t MaxHeapSize                              = 2147483648                                {product} {command line}
   size_t MaxNewSize                               = 715653120                                 {product} {ergonomic}
   size_t MinHeapDeltaBytes                        = 524288                                    {product} {ergonomic}
   size_t MinHeapSize                              = 104857600                                 {product} {command line}
   size_t NewSize                                  = 34603008                                  {product} {ergonomic}
    uintx NonNMethodCodeHeapSize                   = 5839372                                {pd product} {ergonomic}
    uintx NonProfiledCodeHeapSize                  = 122909434                              {pd product} {ergonomic}
   size_t OldSize                                  = 70254592                                  {product} {ergonomic}
    uintx ProfiledCodeHeapSize                     = 122909434                              {pd product} {ergonomic}
    uintx ReservedCodeCacheSize                    = 251658240                              {pd product} {ergonomic}
     bool SegmentedCodeCache                       = true                                      {product} {ergonomic}
   size_t SoftMaxHeapSize                          = 2147483648                             {manageable} {ergonomic}
     bool UseCompressedOops                        = true                           {product lp64_product} {ergonomic}
     bool UseLargePagesIndividualAllocation        = false                                  {pd product} {ergonomic}
     bool UseParallelGC                            = true                                      {product} {command line}

Logging:
Log output configuration:
 #0: stdout all=off uptime,level,tags foldmultilines=false
 #1: stderr all=off uptime,level,tags foldmultilines=false

Release file:
JAVA_VERSION="21.0.9" 
MODULES="java.base java.compiler java.datatransfer java.xml java.prefs java.desktop java.instrument java.logging java.management java.security.sasl java.naming java.rmi java.management.rmi java.net.http java.scripting java.security.jgss java.transaction.xa java.sql java.sql.rowset java.xml.crypto java.se java.smartcardio jdk.accessibility jdk.internal.jvmstat jdk.attach jdk.charsets jdk.internal.opt jdk.zipfs jdk.compiler jdk.crypto.ec jdk.crypto.cryptoki jdk.crypto.mscapi jdk.dynalink jdk.internal.ed jdk.editpad jdk.hotspot.agent jdk.httpserver jdk.internal.le jdk.internal.vm.ci jdk.internal.vm.compiler jdk.internal.vm.compiler.management jdk.jartool jdk.javadoc jdk.jcmd jdk.management jdk.management.agent jdk.jconsole jdk.jdeps jdk.jdwp.agent jdk.jdi jdk.jfr jdk.jshell jdk.jsobject jdk.jstatd jdk.localedata jdk.management.jfr jdk.naming.dns jdk.naming.rmi jdk.net jdk.nio.mapmode jdk.random jdk.sctp jdk.security.auth jdk.security.jgss jdk.unsupported jdk.unsupported.desktop jdk.xml.dom" 

Environment Variables:
PATH=C:\Program Files\Eclipse Adoptium\jdk-17.0.17.10-hotspot\bin;C:\Windows\system32;C:\Windows;C:\Windows\System32\Wbem;C:\Windows\System32\WindowsPowerShell\v1.0\;C:\Windows\System32\OpenSSH\;C:\Program Files\Microsoft SQL Server\170\Tools\Binn\;C:\Program Files\Microsoft SQL Server\Client SDK\ODBC\170\Tools\Binn\;C:\Program Files\dotnet\;C:\Program Files (x86)\Windows Kits\10\Windows Performance Toolkit\;C:\Program Files\Git\cmd;C:\Program Files\nodejs\;%MAVEN_HOME%\bin;;C:\Program Files\Docker\Docker\resources\bin;C:\Users\pc\AppData\Local\Programs\Python\Python314\Scripts\;C:\Users\pc\AppData\Local\Programs\Python\Python314\;C:\Users\pc\AppData\Local\Programs\Python\Launcher\;C:\Users\pc\AppData\Local\Microsoft\WindowsApps;C:\Users\pc\AppData\Local\Programs\Microsoft VS Code\bin;C:\Users\pc\.dotnet\tools;C:\Users\pc\Downloads\flutter_windows_3.38.3-stable\flutter\bin;%ANDROID_HOME%\platform-tools;%ANDROID_HOME%\cmdline-tools\latest\bin;%ANDROID_HOME%\tools\bin;C:\Users\pc\AppData\Roaming\npm;C:\Users\pc\AppData\Local\Programs\Antigravity\bin;D:\apache-maven-3.9.12\bin
USERNAME=pc
OS=Windows_NT
PROCESSOR_IDENTIFIER=Intel64 Family 6 Model 142 Stepping 12, GenuineIntel
TMP=C:\Users\pc\AppData\Local\Temp
TEMP=C:\Users\pc\AppData\Local\Temp




Periodic native trim disabled

---------------  S Y S T E M  ---------------

OS:
 Windows 10 , 64 bit Build 19041 (10.0.19041.5915)
OS uptime: 1 days 4:16 hours
Hyper-V role detected

CPU: total 8 (initial active 8) (4 cores per cpu, 2 threads per core) family 6 model 142 stepping 12 microcode 0x100, cx8, cmov, fxsr, ht, mmx, 3dnowpref, sse, sse2, sse3, ssse3, sse4.1, sse4.2, popcnt, lzcnt, tsc, tscinvbit, avx, avx2, aes, erms, clmul, bmi1, bmi2, adx, fma, vzeroupper, clflush, clflushopt, hv, rdtscp, f16c
Processor Information for the first 8 processors :
  Max Mhz: 2304, Current Mhz: 1803, Mhz Limit: 1797

Memory: 4k page, system-wide physical 8038M (79M free)
TotalPageFile size 32614M (AvailPageFile size 73M)
current process WorkingSet (physical memory assigned to process): 7M, peak: 269M
current process commit charge ("private bytes"): 383M, peak: 399M

vm_info: OpenJDK 64-Bit Server VM (21.0.9+10-LTS) for windows-amd64 JRE (21.0.9+10-LTS), built on 2025-10-21T00:00:00Z by "admin" with unknown MS VC++:1942

END.
