#
# There is insufficient memory for the Java Runtime Environment to continue.
# Native memory allocation (malloc) failed to allocate 67736 bytes. Error detail: Chunk::new
# Possible reasons:
#   The system is out of physical RAM or swap space
#   This process is running with CompressedOops enabled, and the Java Heap may be blocking the growth of the native heap
# Possible solutions:
#   Reduce memory load on the system
#   Increase physical memory or swap space
#   Check if swap backing store is full
#   Decrease Java heap size (-Xmx/-Xms)
#   Decrease number of Java threads
#   Decrease Java thread stack sizes (-Xss)
#   Set larger code cache with -XX:ReservedCodeCacheSize=
#   JVM is running with Unscaled Compressed Oops mode in which the Java heap is
#     placed in the first 4GB address space. The Java Heap base address is the
#     maximum limit for the native heap growth. Please use -XX:HeapBaseMinAddress
#     to set the Java Heap base and to place the Java Heap above 4GB virtual address.
# This output file may be truncated or incomplete.
#
#  Out of Memory Error (arena.cpp:168), pid=25992, tid=37548
#
# JRE version: OpenJDK Runtime Environment Temurin-21.0.9+10 (21.0.9+10) (build 21.0.9+10-LTS)
# Java VM: OpenJDK 64-Bit Server VM Temurin-21.0.9+10 (21.0.9+10-LTS, mixed mode, sharing, tiered, compressed oops, compressed class ptrs, parallel gc, windows-amd64)
# No core dump will be written. Minidumps are not enabled by default on client versions of Windows
#

---------------  S U M M A R Y ------------

Command Line: --add-modules=ALL-SYSTEM --add-opens=java.base/java.util=ALL-UNNAMED --add-opens=java.base/java.lang=ALL-UNNAMED --add-opens=java.base/sun.nio.fs=ALL-UNNAMED -Declipse.application=org.eclipse.jdt.ls.core.id1 -Dosgi.bundles.defaultStartLevel=4 -Declipse.product=org.eclipse.jdt.ls.core.product -Djava.import.generatesMetadataFilesAtProjectRoot=false -DDetectVMInstallationsJob.disabled=true -Dfile.encoding=utf8 -XX:+UseParallelGC -XX:GCTimeRatio=4 -XX:AdaptiveSizePolicyWeight=90 -Dsun.zip.disableMemoryMapping=true -Xmx2G -Xms100m -Xlog:disable -javaagent:c:\Users\pc\.antigravity\extensions\redhat.java-1.50.0-win32-x64\lombok\lombok-1.18.39-4050.jar -XX:+HeapDumpOnOutOfMemoryError -XX:HeapDumpPath=c:\Users\pc\AppData\Roaming\Antigravity\User\workspaceStorage\47ce89da41dd14ed8372e9d3cee91e7b\redhat.java -Daether.dependencyCollector.impl=bf c:\Users\pc\.antigravity\extensions\redhat.java-1.50.0-win32-x64\server\plugins\org.eclipse.equinox.launcher_1.7.100.v20251111-0406.jar -configuration c:\Users\pc\AppData\Roaming\Antigravity\User\globalStorage\redhat.java\1.50.0\config_win -data c:\Users\pc\AppData\Roaming\Antigravity\User\workspaceStorage\47ce89da41dd14ed8372e9d3cee91e7b\redhat.java\jdt_ws --pipe=\\.\pipe\lsp-23ab1aed0f2b2a867d38f3a494c88ca6-sock

Host: Intel(R) Core(TM) i7-10510U CPU @ 1.80GHz, 8 cores, 7G,  Windows 10 , 64 bit Build 19041 (10.0.19041.5915)
Time: Fri Dec 26 01:57:02 2025 Paris, Madrid elapsed time: 11.448700 seconds (0d 0h 0m 11s)

---------------  T H R E A D  ---------------

Current thread (0x0000019770e602a0):  JavaThread "C2 CompilerThread0" daemon [_thread_in_native, id=37548, stack(0x0000003eb4200000,0x0000003eb4300000) (1024K)]


Current CompileTask:
C2:11448 3168       4       java.lang.invoke.MethodType::makeImpl (109 bytes)

Stack: [0x0000003eb4200000,0x0000003eb4300000]
Native frames: (J=compiled Java code, j=interpreted, Vv=VM code, C=native code)
V  [jvm.dll+0x6d6e29]
V  [jvm.dll+0x8b4b76]
V  [jvm.dll+0x8b712e]
V  [jvm.dll+0x8b7813]
V  [jvm.dll+0x283d86]
V  [jvm.dll+0xc66ed]
V  [jvm.dll+0xc6c31]
V  [jvm.dll+0x6fc7d1]
V  [jvm.dll+0x24d2ca]
V  [jvm.dll+0x24b482]
V  [jvm.dll+0x1cb13e]
V  [jvm.dll+0x25b29d]
V  [jvm.dll+0x25982a]
V  [jvm.dll+0x3f7ea6]
V  [jvm.dll+0x85e9ad]
V  [jvm.dll+0x6d565d]
C  [ucrtbase.dll+0x21bb2]
C  [KERNEL32.DLL+0x17374]
C  [ntdll.dll+0x4cc91]


---------------  P R O C E S S  ---------------

Threads class SMR info:
_java_thread_list=0x0000019777c56fa0, length=19, elements={
0x000001975a3e42f0, 0x0000019770e52c90, 0x0000019770e54140, 0x0000019770e57400,
0x0000019770e582d0, 0x0000019770e5b2d0, 0x0000019770e5f220, 0x0000019770e602a0,
0x0000019770e62560, 0x00000197728d2db0, 0x0000019772a3e8b0, 0x000001977737fe30,
0x0000019777585ef0, 0x000001977745bde0, 0x0000019777502490, 0x00000197779efdd0,
0x0000019777556000, 0x000001977714ec20, 0x000001977768d750
}

Java Threads: ( => current thread )
  0x000001975a3e42f0 JavaThread "main"                              [_thread_blocked, id=37344, stack(0x0000003eb3800000,0x0000003eb3900000) (1024K)]
  0x0000019770e52c90 JavaThread "Reference Handler"          daemon [_thread_blocked, id=16084, stack(0x0000003eb3c00000,0x0000003eb3d00000) (1024K)]
  0x0000019770e54140 JavaThread "Finalizer"                  daemon [_thread_blocked, id=18160, stack(0x0000003eb3d00000,0x0000003eb3e00000) (1024K)]
  0x0000019770e57400 JavaThread "Signal Dispatcher"          daemon [_thread_blocked, id=12388, stack(0x0000003eb3e00000,0x0000003eb3f00000) (1024K)]
  0x0000019770e582d0 JavaThread "Attach Listener"            daemon [_thread_blocked, id=16208, stack(0x0000003eb3f00000,0x0000003eb4000000) (1024K)]
  0x0000019770e5b2d0 JavaThread "Service Thread"             daemon [_thread_blocked, id=1072, stack(0x0000003eb4000000,0x0000003eb4100000) (1024K)]
  0x0000019770e5f220 JavaThread "Monitor Deflation Thread"   daemon [_thread_blocked, id=19164, stack(0x0000003eb4100000,0x0000003eb4200000) (1024K)]
=>0x0000019770e602a0 JavaThread "C2 CompilerThread0"         daemon [_thread_in_native, id=37548, stack(0x0000003eb4200000,0x0000003eb4300000) (1024K)]
  0x0000019770e62560 JavaThread "C1 CompilerThread0"         daemon [_thread_blocked, id=39916, stack(0x0000003eb4300000,0x0000003eb4400000) (1024K)]
  0x00000197728d2db0 JavaThread "Common-Cleaner"             daemon [_thread_blocked, id=33400, stack(0x0000003eb4400000,0x0000003eb4500000) (1024K)]
  0x0000019772a3e8b0 JavaThread "Notification Thread"        daemon [_thread_blocked, id=15780, stack(0x0000003eb4500000,0x0000003eb4600000) (1024K)]
  0x000001977737fe30 JavaThread "Active Thread: Equinox Container: 26839fd2-24c5-45e6-a711-224d4752324e"        [_thread_blocked, id=28888, stack(0x0000003eb4c00000,0x0000003eb4d00000) (1024K)]
  0x0000019777585ef0 JavaThread "Refresh Thread: Equinox Container: 26839fd2-24c5-45e6-a711-224d4752324e" daemon [_thread_blocked, id=24348, stack(0x0000003eb4d00000,0x0000003eb4e00000) (1024K)]
  0x000001977745bde0 JavaThread "Framework Event Dispatcher: Equinox Container: 26839fd2-24c5-45e6-a711-224d4752324e" daemon [_thread_blocked, id=16268, stack(0x0000003eb4f00000,0x0000003eb5000000) (1024K)]
  0x0000019777502490 JavaThread "Start Level: Equinox Container: 26839fd2-24c5-45e6-a711-224d4752324e" daemon [_thread_in_vm, id=31736, stack(0x0000003eb5000000,0x0000003eb5100000) (1024K)]
  0x00000197779efdd0 JavaThread "Bundle File Closer"         daemon [_thread_blocked, id=20228, stack(0x0000003eb5100000,0x0000003eb5200000) (1024K)]
  0x0000019777556000 JavaThread "SCR Component Actor"        daemon [_thread_blocked, id=34012, stack(0x0000003eb5200000,0x0000003eb5300000) (1024K)]
  0x000001977714ec20 JavaThread "Worker-JM"                         [_thread_blocked, id=33184, stack(0x0000003eb5300000,0x0000003eb5400000) (1024K)]
  0x000001977768d750 JavaThread "JNA Cleaner"                daemon [_thread_blocked, id=38420, stack(0x0000003eb5400000,0x0000003eb5500000) (1024K)]
Total: 19

Other Threads:
  0x0000019770e42ad0 VMThread "VM Thread"                           [id=38164, stack(0x0000003eb3b00000,0x0000003eb3c00000) (1024K)]
  0x000001975a44dc70 WatcherThread "VM Periodic Task Thread"        [id=12188, stack(0x0000003eb3a00000,0x0000003eb3b00000) (1024K)]
  0x000001975a400dd0 WorkerThread "GC Thread#0"                     [id=39116, stack(0x0000003eb3900000,0x0000003eb3a00000) (1024K)]
  0x000001977741bab0 WorkerThread "GC Thread#1"                     [id=34476, stack(0x0000003eb4600000,0x0000003eb4700000) (1024K)]
  0x00000197772cbe60 WorkerThread "GC Thread#2"                     [id=33884, stack(0x0000003eb4700000,0x0000003eb4800000) (1024K)]
  0x00000197772cc200 WorkerThread "GC Thread#3"                     [id=27260, stack(0x0000003eb4800000,0x0000003eb4900000) (1024K)]
  0x00000197772cc5a0 WorkerThread "GC Thread#4"                     [id=23992, stack(0x0000003eb4900000,0x0000003eb4a00000) (1024K)]
  0x00000197772cc940 WorkerThread "GC Thread#5"                     [id=16424, stack(0x0000003eb4a00000,0x0000003eb4b00000) (1024K)]
  0x0000019777273770 WorkerThread "GC Thread#6"                     [id=17452, stack(0x0000003eb4b00000,0x0000003eb4c00000) (1024K)]
  0x0000019777567dc0 WorkerThread "GC Thread#7"                     [id=28100, stack(0x0000003eb4e00000,0x0000003eb4f00000) (1024K)]
Total: 10

Threads with active compile tasks:
C2 CompilerThread0  11589 3168       4       java.lang.invoke.MethodType::makeImpl (109 bytes)
Total: 1

VM state: not at safepoint (normal execution)

VM Mutex/Monitor currently owned by a thread:  ([mutex/lock_event])
[0x00007ff95822b4f0] Metaspace_lock - owner thread: 0x0000019777502490

Heap address: 0x0000000080000000, size: 2048 MB, Compressed Oops mode: 32-bit

CDS archive(s) mapped at: [0x0000019700000000-0x0000019700ba0000-0x0000019700ba0000), size 12189696, SharedBaseAddress: 0x0000019700000000, ArchiveRelocationMode: 1.
Compressed class space mapped at: 0x0000019701000000-0x0000019741000000, reserved size: 1073741824
Narrow klass base: 0x0000019700000000, Narrow klass shift: 0, Narrow klass range: 0x100000000

GC Precious Log:
 CardTable entry size: 512
 CPUs: 8 total, 8 available
 Memory: 8038M
 Large Page Support: Disabled
 NUMA Support: Disabled
 Compressed Oops: Enabled (32-bit)
 Alignments: Space 512K, Generation 512K, Heap 2M
 Heap Min Capacity: 100M
 Heap Initial Capacity: 100M
 Heap Max Capacity: 2G
 Pre-touch: Disabled
 Parallel Workers: 8

Heap:
 PSYoungGen      total 29184K, used 10257K [0x00000000d5580000, 0x00000000d7a00000, 0x0000000100000000)
  eden space 25088K, 24% used [0x00000000d5580000,0x00000000d5b85a48,0x00000000d6e00000)
  from space 4096K, 99% used [0x00000000d6e80000,0x00000000d727ed08,0x00000000d7280000)
  to   space 6144K, 0% used [0x00000000d7400000,0x00000000d7400000,0x00000000d7a00000)
 ParOldGen       total 68608K, used 8192K [0x0000000080000000, 0x0000000084300000, 0x00000000d5580000)
  object space 68608K, 11% used [0x0000000080000000,0x0000000080800290,0x0000000084300000)
 Metaspace       used 16849K, committed 17408K, reserved 1114112K
  class space    used 1767K, committed 1984K, reserved 1048576K

Card table byte_map: [0x0000019759d90000,0x000001975a1a0000] _byte_map_base: 0x0000019759990000

Marking Bits: (ParMarkBitMap*) 0x00007ff958232460
 Begin Bits: [0x000001976c8a0000, 0x000001976e8a0000)
 End Bits:   [0x000001976e8a0000, 0x00000197708a0000)

Polling page: 0x00000197581a0000

Metaspace:

Usage:
  Non-class:     14.73 MB used.
      Class:      1.73 MB used.
       Both:     16.45 MB used.

Virtual space:
  Non-class space:       64.00 MB reserved,      15.06 MB ( 24%) committed,  1 nodes.
      Class space:        1.00 GB reserved,       1.94 MB ( <1%) committed,  1 nodes.
             Both:        1.06 GB reserved,      17.00 MB (  2%) committed. 

Chunk freelists:
   Non-Class:  240.00 KB
       Class:  13.88 MB
        Both:  14.11 MB

MaxMetaspaceSize: unlimited
CompressedClassSpaceSize: 1.00 GB
Initial GC threshold: 21.00 MB
Current GC threshold: 21.00 MB
CDS: on
 - commit_granule_bytes: 65536.
 - commit_granule_words: 8192.
 - virtual_space_node_default_size: 8388608.
 - enlarge_chunks_in_place: 1.
 - use_allocation_guard: 0.


Internal statistics:

num_allocs_failed_limit: 0.
num_arena_births: 470.
num_arena_deaths: 0.
num_vsnodes_births: 2.
num_vsnodes_deaths: 0.
num_space_committed: 272.
num_space_uncommitted: 0.
num_chunks_returned_to_freelist: 0.
num_chunks_taken_from_freelist: 1063.
num_chunk_merges: 0.
num_chunk_splits: 666.
num_chunks_enlarged: 433.
num_inconsistent_stats: 0.

CodeHeap 'non-profiled nmethods': size=120000Kb used=1340Kb max_used=1340Kb free=118659Kb
 bounds [0x00000197650c0000, 0x0000019765330000, 0x000001976c5f0000]
CodeHeap 'profiled nmethods': size=120000Kb used=6347Kb max_used=6347Kb free=113652Kb
 bounds [0x000001975d5f0000, 0x000001975dc30000, 0x0000019764b20000]
CodeHeap 'non-nmethods': size=5760Kb used=1278Kb max_used=1292Kb free=4481Kb
 bounds [0x0000019764b20000, 0x0000019764d90000, 0x00000197650c0000]
CodeCache: size=245760Kb, used=8965Kb, max_used=8979Kb, free=236792Kb
 total_blobs=3725, nmethods=3171, adapters=460, full_count=0
Compilation: enabled, stopped_count=0, restarted_count=0

Compilation events (20 events):
Event: 8.240 Thread 0x0000019770e602a0 nmethod 3159 0x000001976520dc90 code [0x000001976520de20, 0x000001976520ded8]
Event: 8.259 Thread 0x0000019770e62560 3161   !   3       java.io.FileOutputStream::write (47 bytes)
Event: 8.260 Thread 0x0000019770e62560 nmethod 3161 0x000001975dc1ed90 code [0x000001975dc1ef80, 0x000001975dc1f248]
Event: 11.274 Thread 0x0000019770e602a0 3162       4       org.eclipse.osgi.internal.hookregistry.ClassLoaderHook::recordClassDefine (1 bytes)
Event: 11.275 Thread 0x0000019770e602a0 nmethod 3162 0x000001976520e390 code [0x000001976520e520, 0x000001976520e5a8]
Event: 11.310 Thread 0x0000019770e602a0 3164       4       java.lang.Object::<init> (1 bytes)
Event: 11.311 Thread 0x0000019770e602a0 nmethod 3164 0x000001976520ea90 code [0x000001976520ec20, 0x000001976520ece8]
Event: 11.350 Thread 0x0000019770e62560 3165       3       java.lang.invoke.MemberName::asSpecial (89 bytes)
Event: 11.351 Thread 0x0000019770e62560 nmethod 3165 0x000001975dc1f410 code [0x000001975dc1f6e0, 0x000001975dc20348]
Event: 11.358 Thread 0x0000019770e602a0 3168       4       java.lang.invoke.MethodType::makeImpl (109 bytes)
Event: 11.358 Thread 0x0000019770e62560 3169       3       java.lang.reflect.Field::checkAccess (32 bytes)
Event: 11.359 Thread 0x0000019770e62560 nmethod 3169 0x000001975dc20790 code [0x000001975dc20960, 0x000001975dc20be0]
Event: 11.359 Thread 0x0000019770e62560 3170       3       java.lang.reflect.Field::getFieldAccessor (18 bytes)
Event: 11.359 Thread 0x0000019770e62560 nmethod 3170 0x000001975dc20d10 code [0x000001975dc20ec0, 0x000001975dc21048]
Event: 11.361 Thread 0x0000019770e62560 3171       3       java.util.HashMap::newHashMap (44 bytes)
Event: 11.362 Thread 0x0000019770e62560 nmethod 3171 0x000001975dc21110 code [0x000001975dc213a0, 0x000001975dc21b88]
Event: 11.362 Thread 0x0000019770e62560 3172       3       java.lang.invoke.DirectMethodHandle::checkCast (9 bytes)
Event: 11.362 Thread 0x0000019770e62560 nmethod 3172 0x000001975dc21f10 code [0x000001975dc220c0, 0x000001975dc22368]
Event: 11.363 Thread 0x0000019770e62560 3173       3       java.util.LinkedList$ListItr::next (56 bytes)
Event: 11.364 Thread 0x0000019770e62560 nmethod 3173 0x000001975dc22490 code [0x000001975dc22680, 0x000001975dc22b18]

GC Heap History (10 events):
Event: 2.272 GC heap before
{Heap before GC invocations=1 (full 0):
 PSYoungGen      total 29696K, used 25600K [0x00000000d5580000, 0x00000000d7680000, 0x0000000100000000)
  eden space 25600K, 100% used [0x00000000d5580000,0x00000000d6e80000,0x00000000d6e80000)
  from space 4096K, 0% used [0x00000000d7280000,0x00000000d7280000,0x00000000d7680000)
  to   space 4096K, 0% used [0x00000000d6e80000,0x00000000d6e80000,0x00000000d7280000)
 ParOldGen       total 68608K, used 0K [0x0000000080000000, 0x0000000084300000, 0x00000000d5580000)
  object space 68608K, 0% used [0x0000000080000000,0x0000000080000000,0x0000000084300000)
 Metaspace       used 4351K, committed 4608K, reserved 1114112K
  class space    used 473K, committed 576K, reserved 1048576K
}
Event: 2.292 GC heap after
{Heap after GC invocations=1 (full 0):
 PSYoungGen      total 29696K, used 3280K [0x00000000d5580000, 0x00000000d7680000, 0x0000000100000000)
  eden space 25600K, 0% used [0x00000000d5580000,0x00000000d5580000,0x00000000d6e80000)
  from space 4096K, 80% used [0x00000000d6e80000,0x00000000d71b4148,0x00000000d7280000)
  to   space 4096K, 0% used [0x00000000d7280000,0x00000000d7280000,0x00000000d7680000)
 ParOldGen       total 68608K, used 8K [0x0000000080000000, 0x0000000084300000, 0x00000000d5580000)
  object space 68608K, 0% used [0x0000000080000000,0x0000000080002000,0x0000000084300000)
 Metaspace       used 4351K, committed 4608K, reserved 1114112K
  class space    used 473K, committed 576K, reserved 1048576K
}
Event: 4.686 GC heap before
{Heap before GC invocations=2 (full 0):
 PSYoungGen      total 29696K, used 28880K [0x00000000d5580000, 0x00000000d7680000, 0x0000000100000000)
  eden space 25600K, 100% used [0x00000000d5580000,0x00000000d6e80000,0x00000000d6e80000)
  from space 4096K, 80% used [0x00000000d6e80000,0x00000000d71b4148,0x00000000d7280000)
  to   space 4096K, 0% used [0x00000000d7280000,0x00000000d7280000,0x00000000d7680000)
 ParOldGen       total 68608K, used 8K [0x0000000080000000, 0x0000000084300000, 0x00000000d5580000)
  object space 68608K, 0% used [0x0000000080000000,0x0000000080002000,0x0000000084300000)
 Metaspace       used 8028K, committed 8320K, reserved 1114112K
  class space    used 841K, committed 960K, reserved 1048576K
}
Event: 4.694 GC heap after
{Heap after GC invocations=2 (full 0):
 PSYoungGen      total 29696K, used 4086K [0x00000000d5580000, 0x00000000d7680000, 0x0000000100000000)
  eden space 25600K, 0% used [0x00000000d5580000,0x00000000d5580000,0x00000000d6e80000)
  from space 4096K, 99% used [0x00000000d7280000,0x00000000d767d810,0x00000000d7680000)
  to   space 4096K, 0% used [0x00000000d6e80000,0x00000000d6e80000,0x00000000d7280000)
 ParOldGen       total 68608K, used 1754K [0x0000000080000000, 0x0000000084300000, 0x00000000d5580000)
  object space 68608K, 2% used [0x0000000080000000,0x00000000801b6a10,0x0000000084300000)
 Metaspace       used 8028K, committed 8320K, reserved 1114112K
  class space    used 841K, committed 960K, reserved 1048576K
}
Event: 5.518 GC heap before
{Heap before GC invocations=3 (full 0):
 PSYoungGen      total 29696K, used 29686K [0x00000000d5580000, 0x00000000d7680000, 0x0000000100000000)
  eden space 25600K, 100% used [0x00000000d5580000,0x00000000d6e80000,0x00000000d6e80000)
  from space 4096K, 99% used [0x00000000d7280000,0x00000000d767d810,0x00000000d7680000)
  to   space 4096K, 0% used [0x00000000d6e80000,0x00000000d6e80000,0x00000000d7280000)
 ParOldGen       total 68608K, used 1754K [0x0000000080000000, 0x0000000084300000, 0x00000000d5580000)
  object space 68608K, 2% used [0x0000000080000000,0x00000000801b6a10,0x0000000084300000)
 Metaspace       used 9484K, committed 9792K, reserved 1114112K
  class space    used 1014K, committed 1152K, reserved 1048576K
}
Event: 5.527 GC heap after
{Heap after GC invocations=3 (full 0):
 PSYoungGen      total 29696K, used 4084K [0x00000000d5580000, 0x00000000d7680000, 0x0000000100000000)
  eden space 25600K, 0% used [0x00000000d5580000,0x00000000d5580000,0x00000000d6e80000)
  from space 4096K, 99% used [0x00000000d6e80000,0x00000000d727d228,0x00000000d7280000)
  to   space 4096K, 0% used [0x00000000d7280000,0x00000000d7280000,0x00000000d7680000)
 ParOldGen       total 68608K, used 4841K [0x0000000080000000, 0x0000000084300000, 0x00000000d5580000)
  object space 68608K, 7% used [0x0000000080000000,0x00000000804ba568,0x0000000084300000)
 Metaspace       used 9484K, committed 9792K, reserved 1114112K
  class space    used 1014K, committed 1152K, reserved 1048576K
}
Event: 6.839 GC heap before
{Heap before GC invocations=4 (full 0):
 PSYoungGen      total 29696K, used 29679K [0x00000000d5580000, 0x00000000d7680000, 0x0000000100000000)
  eden space 25600K, 99% used [0x00000000d5580000,0x00000000d6e7ebb0,0x00000000d6e80000)
  from space 4096K, 99% used [0x00000000d6e80000,0x00000000d727d228,0x00000000d7280000)
  to   space 4096K, 0% used [0x00000000d7280000,0x00000000d7280000,0x00000000d7680000)
 ParOldGen       total 68608K, used 4841K [0x0000000080000000, 0x0000000084300000, 0x00000000d5580000)
  object space 68608K, 7% used [0x0000000080000000,0x00000000804ba568,0x0000000084300000)
 Metaspace       used 12125K, committed 12608K, reserved 1114112K
  class space    used 1298K, committed 1472K, reserved 1048576K
}
Event: 6.846 GC heap after
{Heap after GC invocations=4 (full 0):
 PSYoungGen      total 29696K, used 4084K [0x00000000d5580000, 0x00000000d7680000, 0x0000000100000000)
  eden space 25600K, 0% used [0x00000000d5580000,0x00000000d5580000,0x00000000d6e80000)
  from space 4096K, 99% used [0x00000000d7280000,0x00000000d767d240,0x00000000d7680000)
  to   space 4096K, 0% used [0x00000000d6e80000,0x00000000d6e80000,0x00000000d7280000)
 ParOldGen       total 68608K, used 6342K [0x0000000080000000, 0x0000000084300000, 0x00000000d5580000)
  object space 68608K, 9% used [0x0000000080000000,0x0000000080631820,0x0000000084300000)
 Metaspace       used 12125K, committed 12608K, reserved 1114112K
  class space    used 1298K, committed 1472K, reserved 1048576K
}
Event: 7.978 GC heap before
{Heap before GC invocations=5 (full 0):
 PSYoungGen      total 29696K, used 29684K [0x00000000d5580000, 0x00000000d7680000, 0x0000000100000000)
  eden space 25600K, 100% used [0x00000000d5580000,0x00000000d6e80000,0x00000000d6e80000)
  from space 4096K, 99% used [0x00000000d7280000,0x00000000d767d240,0x00000000d7680000)
  to   space 4096K, 0% used [0x00000000d6e80000,0x00000000d6e80000,0x00000000d7280000)
 ParOldGen       total 68608K, used 6342K [0x0000000080000000, 0x0000000084300000, 0x00000000d5580000)
  object space 68608K, 9% used [0x0000000080000000,0x0000000080631820,0x0000000084300000)
 Metaspace       used 15857K, committed 16512K, reserved 1114112K
  class space    used 1653K, committed 1920K, reserved 1048576K
}
Event: 7.984 GC heap after
{Heap after GC invocations=5 (full 0):
 PSYoungGen      total 29184K, used 4091K [0x00000000d5580000, 0x00000000d7a00000, 0x0000000100000000)
  eden space 25088K, 0% used [0x00000000d5580000,0x00000000d5580000,0x00000000d6e00000)
  from space 4096K, 99% used [0x00000000d6e80000,0x00000000d727ed08,0x00000000d7280000)
  to   space 6144K, 0% used [0x00000000d7400000,0x00000000d7400000,0x00000000d7a00000)
 ParOldGen       total 68608K, used 8192K [0x0000000080000000, 0x0000000084300000, 0x00000000d5580000)
  object space 68608K, 11% used [0x0000000080000000,0x0000000080800290,0x0000000084300000)
 Metaspace       used 15857K, committed 16512K, reserved 1114112K
  class space    used 1653K, committed 1920K, reserved 1048576K
}

Dll operation events (10 events):
Event: 0.024 Loaded shared library c:\Users\pc\.antigravity\extensions\redhat.java-1.50.0-win32-x64\jre\21.0.9-win32-x86_64\bin\java.dll
Event: 0.190 Loaded shared library c:\Users\pc\.antigravity\extensions\redhat.java-1.50.0-win32-x64\jre\21.0.9-win32-x86_64\bin\zip.dll
Event: 0.236 Loaded shared library C:\Users\pc\.antigravity\extensions\redhat.java-1.50.0-win32-x64\jre\21.0.9-win32-x86_64\bin\instrument.dll
Event: 0.251 Loaded shared library C:\Users\pc\.antigravity\extensions\redhat.java-1.50.0-win32-x64\jre\21.0.9-win32-x86_64\bin\net.dll
Event: 0.258 Loaded shared library C:\Users\pc\.antigravity\extensions\redhat.java-1.50.0-win32-x64\jre\21.0.9-win32-x86_64\bin\nio.dll
Event: 0.265 Loaded shared library C:\Users\pc\.antigravity\extensions\redhat.java-1.50.0-win32-x64\jre\21.0.9-win32-x86_64\bin\zip.dll
Event: 0.325 Loaded shared library C:\Users\pc\.antigravity\extensions\redhat.java-1.50.0-win32-x64\jre\21.0.9-win32-x86_64\bin\jimage.dll
Event: 0.503 Loaded shared library c:\Users\pc\.antigravity\extensions\redhat.java-1.50.0-win32-x64\jre\21.0.9-win32-x86_64\bin\verify.dll
Event: 4.719 Loaded shared library C:\Users\pc\AppData\Roaming\Antigravity\User\globalStorage\redhat.java\1.50.0\config_win\org.eclipse.equinox.launcher\org.eclipse.equinox.launcher.win32.win32.x86_64_1.2.1400.v20250801-0854\eclipse_11916.dll
Event: 11.250 Loaded shared library C:\Users\pc\AppData\Local\Temp\jna-3571\jna10288287421570839100.dll

Deoptimization events (20 events):
Event: 7.891 Thread 0x0000019777502490 Uncommon trap: trap_request=0xffffff45 fr.pc=0x000001976513e300 relative=0x0000000000000640
Event: 7.891 Thread 0x0000019777502490 Uncommon trap: reason=unstable_if action=reinterpret pc=0x000001976513e300 method=java.io.BufferedInputStream.read1([BII)I @ 34 c2
Event: 7.891 Thread 0x0000019777502490 DEOPT PACKING pc=0x000001976513e300 sp=0x0000003eb50f9760
Event: 7.891 Thread 0x0000019777502490 DEOPT UNPACKING pc=0x0000019764b73aa2 sp=0x0000003eb50f96a8 mode 2
Event: 7.892 Thread 0x0000019777502490 Uncommon trap: trap_request=0xffffff45 fr.pc=0x000001976513fb6c relative=0x000000000000018c
Event: 7.892 Thread 0x0000019777502490 Uncommon trap: reason=unstable_if action=reinterpret pc=0x000001976513fb6c method=java.io.BufferedInputStream.read1([BII)I @ 73 c2
Event: 7.892 Thread 0x0000019777502490 DEOPT PACKING pc=0x000001976513fb6c sp=0x0000003eb50f9840
Event: 7.892 Thread 0x0000019777502490 DEOPT UNPACKING pc=0x0000019764b73aa2 sp=0x0000003eb50f9800 mode 2
Event: 7.892 Thread 0x0000019777502490 Uncommon trap: trap_request=0xffffff45 fr.pc=0x00000197651e0aec relative=0x0000000000000c6c
Event: 7.892 Thread 0x0000019777502490 Uncommon trap: reason=unstable_if action=reinterpret pc=0x00000197651e0aec method=java.io.DataInputStream.readFully([BII)V @ 37 c2
Event: 7.892 Thread 0x0000019777502490 DEOPT PACKING pc=0x00000197651e0aec sp=0x0000003eb50f9a20
Event: 7.892 Thread 0x0000019777502490 DEOPT UNPACKING pc=0x0000019764b73aa2 sp=0x0000003eb50f98e0 mode 2
Event: 8.092 Thread 0x0000019777502490 Uncommon trap: trap_request=0xffffff45 fr.pc=0x000001976517ed30 relative=0x0000000000000250
Event: 8.092 Thread 0x0000019777502490 Uncommon trap: reason=unstable_if action=reinterpret pc=0x000001976517ed30 method=java.io.WinNTFileSystem.normalize(Ljava/lang/String;)Ljava/lang/String; @ 128 c2
Event: 8.092 Thread 0x0000019777502490 DEOPT PACKING pc=0x000001976517ed30 sp=0x0000003eb50f7b40
Event: 8.092 Thread 0x0000019777502490 DEOPT UNPACKING pc=0x0000019764b73aa2 sp=0x0000003eb50f7ab8 mode 2
Event: 8.108 Thread 0x0000019777502490 Uncommon trap: trap_request=0xffffff45 fr.pc=0x00000197650f8088 relative=0x00000000000006e8
Event: 8.108 Thread 0x0000019777502490 Uncommon trap: reason=unstable_if action=reinterpret pc=0x00000197650f8088 method=java.lang.String.replace(Ljava/lang/CharSequence;Ljava/lang/CharSequence;)Ljava/lang/String; @ 42 c2
Event: 8.108 Thread 0x0000019777502490 DEOPT PACKING pc=0x00000197650f8088 sp=0x0000003eb50f7c30
Event: 8.108 Thread 0x0000019777502490 DEOPT UNPACKING pc=0x0000019764b73aa2 sp=0x0000003eb50f7bb0 mode 2

Classes loaded (20 events):
Event: 8.237 Loading class sun/security/provider/AbstractDrbg$NonceProvider
Event: 8.237 Loading class sun/security/provider/AbstractDrbg$NonceProvider done
Event: 11.253 Loading class java/nio/ShortBuffer
Event: 11.258 Loading class java/nio/ShortBuffer done
Event: 11.258 Loading class java/nio/FloatBuffer
Event: 11.260 Loading class java/nio/FloatBuffer done
Event: 11.260 Loading class java/nio/DoubleBuffer
Event: 11.260 Loading class java/nio/DoubleBuffer done
Event: 11.262 Loading class jdk/internal/loader/NativeLibraries$Unloader
Event: 11.265 Loading class jdk/internal/loader/NativeLibraries$Unloader done
Event: 11.345 Loading class java/lang/annotation/Documented
Event: 11.345 Loading class java/lang/annotation/Documented done
Event: 11.349 Loading class java/lang/reflect/UndeclaredThrowableException
Event: 11.349 Loading class java/lang/reflect/UndeclaredThrowableException done
Event: 11.350 Loading class java/lang/Class$AnnotationData
Event: 11.351 Loading class java/lang/Class$AnnotationData done
Event: 11.353 Loading class jdk/internal/reflect/MethodHandleIntegerFieldAccessorImpl
Event: 11.353 Loading class jdk/internal/reflect/MethodHandleIntegerFieldAccessorImpl done
Event: 11.379 Loading class java/io/PrintWriter
Event: 11.380 Loading class java/io/PrintWriter done

Classes unloaded (0 events):
No events

Classes redefined (0 events):
No events

Internal exceptions (20 events):
Event: 5.058 Thread 0x0000019777502490 Exception <a 'java/lang/NoSuchMethodError'{0x00000000d5de6670}: 'java.lang.Object java.lang.invoke.DirectMethodHandle$Holder.invokeStatic(java.lang.Object, int, java.lang.Object)'> (0x00000000d5de6670) 
thrown [s\src\hotspot\share\interpreter\linkResolver.cpp, line 773]
Event: 5.078 Thread 0x0000019777502490 Exception <a 'java/lang/ClassNotFoundException'{0x00000000d5e4aeb8}: sun/util/logging/resources/spi/loggingProvider> (0x00000000d5e4aeb8) 
thrown [s\src\hotspot\share\classfile\systemDictionary.cpp, line 312]
Event: 6.508 Thread 0x0000019777502490 Exception <a 'java/lang/NullPointerException'{0x00000000d642d888}> (0x00000000d642d888) 
thrown [s\src\hotspot\share\interpreter\linkResolver.cpp, line 1372]
Event: 6.508 Thread 0x0000019777502490 Exception <a 'java/lang/NullPointerException'{0x00000000d642db68}> (0x00000000d642db68) 
thrown [s\src\hotspot\share\interpreter\linkResolver.cpp, line 1372]
Event: 6.812 Thread 0x0000019777502490 Exception <a 'java/lang/NoSuchMethodError'{0x00000000d6dbc240}: 'long java.lang.invoke.DirectMethodHandle$Holder.invokeSpecial(java.lang.Object, java.lang.Object)'> (0x00000000d6dbc240) 
thrown [s\src\hotspot\share\interpreter\linkResolver.cpp, line 773]
Event: 6.901 Thread 0x0000019777502490 Exception <a 'java/io/FileNotFoundException'{0x00000000d574baa8}> (0x00000000d574baa8) 
thrown [s\src\hotspot\share\prims\jni.cpp, line 520]
Event: 7.195 Thread 0x0000019777502490 Exception <a 'java/lang/NoSuchMethodError'{0x00000000d5c609b0}: 'java.lang.Object java.lang.invoke.Invokers$Holder.linkToTargetMethod(java.lang.Object, long, java.lang.Object)'> (0x00000000d5c609b0) 
thrown [s\src\hotspot\share\interpreter\linkResolver.cpp, line 773]
Event: 7.345 Thread 0x0000019777502490 Exception <a 'java/lang/NoSuchMethodError'{0x00000000d61a1a88}: 'void java.lang.invoke.Invokers$Holder.invokeExact_MT(java.lang.Object, java.lang.Object, java.lang.Object)'> (0x00000000d61a1a88) 
thrown [s\src\hotspot\share\interpreter\linkResolver.cpp, line 773]
Event: 7.468 Thread 0x0000019777502490 Exception <a 'java/lang/NoSuchMethodError'{0x00000000d64a20b8}: 'java.lang.Object java.lang.invoke.DirectMethodHandle$Holder.invokeVirtual(java.lang.Object, java.lang.Object, java.lang.Object)'> (0x00000000d64a20b8) 
thrown [s\src\hotspot\share\interpreter\linkResolver.cpp, line 773]
Event: 7.480 Thread 0x0000019777502490 Exception <a 'java/lang/NoSuchMethodError'{0x00000000d64b9b50}: 'java.lang.Object java.lang.invoke.DelegatingMethodHandle$Holder.reinvoke_L(java.lang.Object, java.lang.Object, java.lang.Object, java.lang.Object, int, int)'> (0x00000000d64b9b50) 
thrown [s\src\hotspot\share\interpreter\linkResolver.cpp, line 773]
Event: 7.485 Thread 0x0000019777502490 Exception <a 'java/lang/NoSuchMethodError'{0x00000000d64d5bf0}: 'java.lang.Object java.lang.invoke.DirectMethodHandle$Holder.newInvokeSpecial(java.lang.Object, java.lang.Object, java.lang.Object, java.lang.Object, java.lang.Object, java.lang.Object)'> (0x00000000d64d5bf0) 
thrown [s\src\hotspot\share\interpreter\linkResolver.cpp, line 773]
Event: 7.491 Thread 0x0000019777502490 Exception <a 'java/lang/NoSuchMethodError'{0x00000000d64f1778}: 'void java.lang.invoke.Invokers$Holder.invokeExact_MT(java.lang.Object, java.lang.Object, java.lang.Object, java.lang.Object)'> (0x00000000d64f1778) 
thrown [s\src\hotspot\share\interpreter\linkResolver.cpp, line 773]
Event: 7.662 Thread 0x0000019777502490 Exception <a 'java/io/FileNotFoundException'{0x00000000d67cdf70}> (0x00000000d67cdf70) 
thrown [s\src\hotspot\share\prims\jni.cpp, line 520]
Event: 7.666 Thread 0x0000019777502490 Exception <a 'java/io/FileNotFoundException'{0x00000000d67d5528}> (0x00000000d67d5528) 
thrown [s\src\hotspot\share\prims\jni.cpp, line 520]
Event: 7.994 Thread 0x0000019777502490 Exception <a 'java/lang/NoSuchMethodError'{0x00000000d55c32f8}: 'java.lang.Object java.lang.invoke.DirectMethodHandle$Holder.invokeStaticInit(java.lang.Object, int)'> (0x00000000d55c32f8) 
thrown [s\src\hotspot\share\interpreter\linkResolver.cpp, line 773]
Event: 8.129 Thread 0x0000019777502490 Exception <a 'java/lang/NoSuchMethodError'{0x00000000d5878f68}: 'java.lang.Object java.lang.invoke.DirectMethodHandle$Holder.invokeStaticInit(java.lang.Object, int, int, int, int)'> (0x00000000d5878f68) 
thrown [s\src\hotspot\share\interpreter\linkResolver.cpp, line 773]
Event: 8.234 Thread 0x0000019777502490 Exception <a 'java/lang/NoSuchMethodError'{0x00000000d5958548}: 'java.lang.Object java.lang.invoke.DirectMethodHandle$Holder.invokeStaticInit(java.lang.Object, java.lang.Object, int, int, int, int)'> (0x00000000d5958548) 
thrown [s\src\hotspot\share\interpreter\linkResolver.cpp, line 773]
Event: 11.355 Thread 0x0000019777502490 Exception <a 'java/lang/NoSuchMethodError'{0x00000000d5a77ac0}: 'void java.lang.invoke.DirectMethodHandle$Holder.invokeSpecial(java.lang.Object, java.lang.Object, java.lang.Object, int)'> (0x00000000d5a77ac0) 
thrown [s\src\hotspot\share\interpreter\linkResolver.cpp, line 773]
Event: 11.355 Thread 0x0000019777502490 Exception <a 'java/lang/NoSuchMethodError'{0x00000000d5a7b450}: 'void java.lang.invoke.DelegatingMethodHandle$Holder.reinvoke_L(java.lang.Object, java.lang.Object, int)'> (0x00000000d5a7b450) 
thrown [s\src\hotspot\share\interpreter\linkResolver.cpp, line 773]
Event: 11.357 Thread 0x0000019777502490 Exception <a 'java/lang/NoSuchMethodError'{0x00000000d5a82138}: 'int java.lang.invoke.Invokers$Holder.invokeExact_MT(java.lang.Object, java.lang.Object, java.lang.Object)'> (0x00000000d5a82138) 
thrown [s\src\hotspot\share\interpreter\linkResolver.cpp, line 773]

ZGC Phase Switch (0 events):
No events

VM Operations (20 events):
Event: 6.540 Executing VM operation: Cleanup
Event: 6.540 Executing VM operation: Cleanup done
Event: 6.660 Executing VM operation: HandshakeAllThreads (Deoptimize)
Event: 6.660 Executing VM operation: HandshakeAllThreads (Deoptimize) done
Event: 6.839 Executing VM operation: ParallelGCFailedAllocation (Allocation Failure)
Event: 6.847 Executing VM operation: ParallelGCFailedAllocation (Allocation Failure) done
Event: 7.706 Executing VM operation: HandshakeAllThreads (Deoptimize)
Event: 7.706 Executing VM operation: HandshakeAllThreads (Deoptimize) done
Event: 7.798 Executing VM operation: ICBufferFull
Event: 7.798 Executing VM operation: ICBufferFull done
Event: 7.978 Executing VM operation: ParallelGCFailedAllocation (Allocation Failure)
Event: 7.984 Executing VM operation: ParallelGCFailedAllocation (Allocation Failure) done
Event: 8.213 Executing VM operation: HandshakeAllThreads (Deoptimize)
Event: 8.213 Executing VM operation: HandshakeAllThreads (Deoptimize) done
Event: 9.219 Executing VM operation: Cleanup
Event: 9.219 Executing VM operation: Cleanup done
Event: 11.296 Executing VM operation: HandshakeAllThreads (Deoptimize)
Event: 11.296 Executing VM operation: HandshakeAllThreads (Deoptimize) done
Event: 11.296 Executing VM operation: Cleanup
Event: 11.296 Executing VM operation: Cleanup done

Memory protections (0 events):
No events

Nmethod flushes (0 events):
No events

Events (19 events):
Event: 0.053 Thread 0x000001975a3e42f0 Thread added: 0x000001975a3e42f0
Event: 0.085 Thread 0x000001975a3e42f0 Thread added: 0x0000019770e52c90
Event: 0.085 Thread 0x000001975a3e42f0 Thread added: 0x0000019770e54140
Event: 0.085 Thread 0x000001975a3e42f0 Thread added: 0x0000019770e57400
Event: 0.086 Thread 0x000001975a3e42f0 Thread added: 0x0000019770e582d0
Event: 0.086 Thread 0x000001975a3e42f0 Thread added: 0x0000019770e5b2d0
Event: 0.086 Thread 0x000001975a3e42f0 Thread added: 0x0000019770e5f220
Event: 0.086 Thread 0x000001975a3e42f0 Thread added: 0x0000019770e602a0
Event: 0.086 Thread 0x000001975a3e42f0 Thread added: 0x0000019770e62560
Event: 0.241 Thread 0x000001975a3e42f0 Thread added: 0x00000197728d2db0
Event: 0.811 Thread 0x000001975a3e42f0 Thread added: 0x0000019772a3e8b0
Event: 4.080 Thread 0x000001975a3e42f0 Thread added: 0x000001977737fe30
Event: 4.678 Thread 0x000001975a3e42f0 Thread added: 0x0000019777585ef0
Event: 4.785 Thread 0x0000019777585ef0 Thread added: 0x000001977745bde0
Event: 4.789 Thread 0x000001975a3e42f0 Thread added: 0x0000019777502490
Event: 5.784 Thread 0x0000019777502490 Thread added: 0x00000197779efdd0
Event: 6.640 Thread 0x0000019777502490 Thread added: 0x0000019777556000
Event: 7.295 Thread 0x0000019777502490 Thread added: 0x000001977714ec20
Event: 11.373 Thread 0x0000019777502490 Thread added: 0x000001977768d750


Dynamic libraries:
0x00007ff6ecf60000 - 0x00007ff6ecf6e000 	c:\Users\pc\.antigravity\extensions\redhat.java-1.50.0-win32-x64\jre\21.0.9-win32-x86_64\bin\java.exe
0x00007ffa044f0000 - 0x00007ffa046e8000 	C:\Windows\SYSTEM32\ntdll.dll
0x00007ffa03990000 - 0x00007ffa03a52000 	C:\Windows\System32\KERNEL32.DLL
0x00007ffa01b50000 - 0x00007ffa01e46000 	C:\Windows\System32\KERNELBASE.dll
0x00007ffa01f60000 - 0x00007ffa02060000 	C:\Windows\System32\ucrtbase.dll
0x00007ff9c8200000 - 0x00007ff9c8218000 	c:\Users\pc\.antigravity\extensions\redhat.java-1.50.0-win32-x64\jre\21.0.9-win32-x86_64\bin\jli.dll
0x00007ffa03380000 - 0x00007ffa03521000 	C:\Windows\System32\USER32.dll
0x00007ffa01f30000 - 0x00007ffa01f52000 	C:\Windows\System32\win32u.dll
0x00007ffa026e0000 - 0x00007ffa0270b000 	C:\Windows\System32\GDI32.dll
0x00007ffa020b0000 - 0x00007ffa021c9000 	C:\Windows\System32\gdi32full.dll
0x00007ffa021d0000 - 0x00007ffa0226d000 	C:\Windows\System32\msvcp_win.dll
0x00007ff9d4ec0000 - 0x00007ff9d4ede000 	c:\Users\pc\.antigravity\extensions\redhat.java-1.50.0-win32-x64\jre\21.0.9-win32-x86_64\bin\VCRUNTIME140.dll
0x00007ff9e3500000 - 0x00007ff9e379b000 	C:\Windows\WinSxS\amd64_microsoft.windows.common-controls_6595b64144ccf1df_6.0.19041.6456_none_60b8a6cb71f64256\COMCTL32.dll
0x00007ffa024e0000 - 0x00007ffa0257e000 	C:\Windows\System32\msvcrt.dll
0x00007ffa02580000 - 0x00007ffa025af000 	C:\Windows\System32\IMM32.DLL
0x00007ff9d6cb0000 - 0x00007ff9d6cbc000 	c:\Users\pc\.antigravity\extensions\redhat.java-1.50.0-win32-x64\jre\21.0.9-win32-x86_64\bin\vcruntime140_1.dll
0x00007ff9b01c0000 - 0x00007ff9b024d000 	c:\Users\pc\.antigravity\extensions\redhat.java-1.50.0-win32-x64\jre\21.0.9-win32-x86_64\bin\msvcp140.dll
0x00007ff957570000 - 0x00007ff958310000 	c:\Users\pc\.antigravity\extensions\redhat.java-1.50.0-win32-x64\jre\21.0.9-win32-x86_64\bin\server\jvm.dll
0x00007ffa02a90000 - 0x00007ffa02b41000 	C:\Windows\System32\ADVAPI32.dll
0x00007ffa038f0000 - 0x00007ffa0398f000 	C:\Windows\System32\sechost.dll
0x00007ffa035a0000 - 0x00007ffa036c0000 	C:\Windows\System32\RPCRT4.dll
0x00007ffa01e50000 - 0x00007ffa01e77000 	C:\Windows\System32\bcrypt.dll
0x00007ffa03740000 - 0x00007ffa037ab000 	C:\Windows\System32\WS2_32.dll
0x00007ff9faa40000 - 0x00007ff9faa4a000 	C:\Windows\SYSTEM32\VERSION.dll
0x00007ffa014b0000 - 0x00007ffa014fb000 	C:\Windows\SYSTEM32\POWRPROF.dll
0x00007ff9eb9f0000 - 0x00007ff9eba17000 	C:\Windows\SYSTEM32\WINMM.dll
0x00007ffa01470000 - 0x00007ffa01482000 	C:\Windows\SYSTEM32\UMPDC.dll
0x00007ffa00320000 - 0x00007ffa00332000 	C:\Windows\SYSTEM32\kernel.appcore.dll
0x00007ff9d6180000 - 0x00007ff9d618a000 	c:\Users\pc\.antigravity\extensions\redhat.java-1.50.0-win32-x64\jre\21.0.9-win32-x86_64\bin\jimage.dll
0x00007ff9ff710000 - 0x00007ff9ff911000 	C:\Windows\SYSTEM32\DBGHELP.DLL
0x00007ff9f96f0000 - 0x00007ff9f9724000 	C:\Windows\SYSTEM32\dbgcore.DLL
0x00007ffa023d0000 - 0x00007ffa02452000 	C:\Windows\System32\bcryptPrimitives.dll
0x00007ff9eb020000 - 0x00007ff9eb02f000 	c:\Users\pc\.antigravity\extensions\redhat.java-1.50.0-win32-x64\jre\21.0.9-win32-x86_64\bin\instrument.dll
0x00007ff9c7be0000 - 0x00007ff9c7c00000 	c:\Users\pc\.antigravity\extensions\redhat.java-1.50.0-win32-x64\jre\21.0.9-win32-x86_64\bin\java.dll
0x00007ffa03a60000 - 0x00007ffa041d0000 	C:\Windows\System32\SHELL32.dll
0x00007ff9ffb60000 - 0x00007ffa00305000 	C:\Windows\SYSTEM32\windows.storage.dll
0x00007ffa02710000 - 0x00007ffa02a64000 	C:\Windows\System32\combase.dll
0x00007ffa01430000 - 0x00007ffa0145b000 	C:\Windows\SYSTEM32\Wldp.dll
0x00007ffa02de0000 - 0x00007ffa02ead000 	C:\Windows\System32\OLEAUT32.dll
0x00007ffa02610000 - 0x00007ffa026bd000 	C:\Windows\System32\SHCORE.dll
0x00007ffa03540000 - 0x00007ffa0359b000 	C:\Windows\System32\shlwapi.dll
0x00007ffa01a80000 - 0x00007ffa01aa4000 	C:\Windows\SYSTEM32\profapi.dll
0x00007ff9c77f0000 - 0x00007ff9c7808000 	c:\Users\pc\.antigravity\extensions\redhat.java-1.50.0-win32-x64\jre\21.0.9-win32-x86_64\bin\zip.dll
0x00007ff9cb740000 - 0x00007ff9cb750000 	C:\Users\pc\.antigravity\extensions\redhat.java-1.50.0-win32-x64\jre\21.0.9-win32-x86_64\bin\net.dll
0x00007ff9f9e40000 - 0x00007ff9f9f4a000 	C:\Windows\SYSTEM32\WINHTTP.dll
0x00007ffa01210000 - 0x00007ffa0127a000 	C:\Windows\system32\mswsock.dll
0x00007ff9c4110000 - 0x00007ff9c4126000 	C:\Users\pc\.antigravity\extensions\redhat.java-1.50.0-win32-x64\jre\21.0.9-win32-x86_64\bin\nio.dll
0x00007ff9eb010000 - 0x00007ff9eb020000 	c:\Users\pc\.antigravity\extensions\redhat.java-1.50.0-win32-x64\jre\21.0.9-win32-x86_64\bin\verify.dll
0x00007ff9da940000 - 0x00007ff9da984000 	C:\Users\pc\AppData\Roaming\Antigravity\User\globalStorage\redhat.java\1.50.0\config_win\org.eclipse.equinox.launcher\org.eclipse.equinox.launcher.win32.win32.x86_64_1.2.1400.v20250801-0854\eclipse_11916.dll
0x00007ffa04230000 - 0x00007ffa0435b000 	C:\Windows\System32\ole32.dll
0x00007ffa01490000 - 0x00007ffa014a8000 	C:\Windows\SYSTEM32\CRYPTSP.dll
0x00007ffa00ae0000 - 0x00007ffa00b18000 	C:\Windows\system32\rsaenh.dll
0x00007ffa01a00000 - 0x00007ffa01a2e000 	C:\Windows\SYSTEM32\USERENV.dll
0x00007ffa013a0000 - 0x00007ffa013ac000 	C:\Windows\SYSTEM32\CRYPTBASE.dll
0x00007ffa00f10000 - 0x00007ffa00f4b000 	C:\Windows\SYSTEM32\IPHLPAPI.DLL
0x00007ffa02a70000 - 0x00007ffa02a78000 	C:\Windows\System32\NSI.dll
0x00007ff9d60d0000 - 0x00007ff9d6119000 	C:\Users\pc\AppData\Local\Temp\jna-3571\jna10288287421570839100.dll
0x00007ffa03530000 - 0x00007ffa03538000 	C:\Windows\System32\PSAPI.DLL

JVMTI agents:
c:\Users\pc\.antigravity\extensions\redhat.java-1.50.0-win32-x64\lombok\lombok-1.18.39-4050.jar path:c:\Users\pc\.antigravity\extensions\redhat.java-1.50.0-win32-x64\jre\21.0.9-win32-x86_64\bin\instrument.dll, loaded, initialized, instrumentlib options:none

dbghelp: loaded successfully - version: 4.0.5 - missing functions: none
symbol engine: initialized successfully - sym options: 0x614 - pdb path: .;c:\Users\pc\.antigravity\extensions\redhat.java-1.50.0-win32-x64\jre\21.0.9-win32-x86_64\bin;C:\Windows\SYSTEM32;C:\Windows\WinSxS\amd64_microsoft.windows.common-controls_6595b64144ccf1df_6.0.19041.6456_none_60b8a6cb71f64256;c:\Users\pc\.antigravity\extensions\redhat.java-1.50.0-win32-x64\jre\21.0.9-win32-x86_64\bin\server;C:\Users\pc\AppData\Roaming\Antigravity\User\globalStorage\redhat.java\1.50.0\config_win\org.eclipse.equinox.launcher\org.eclipse.equinox.launcher.win32.win32.x86_64_1.2.1400.v20250801-0854;C:\Users\pc\AppData\Local\Temp\jna-3571

VM Arguments:
jvm_args: --add-modules=ALL-SYSTEM --add-opens=java.base/java.util=ALL-UNNAMED --add-opens=java.base/java.lang=ALL-UNNAMED --add-opens=java.base/sun.nio.fs=ALL-UNNAMED -Declipse.application=org.eclipse.jdt.ls.core.id1 -Dosgi.bundles.defaultStartLevel=4 -Declipse.product=org.eclipse.jdt.ls.core.product -Djava.import.generatesMetadataFilesAtProjectRoot=false -DDetectVMInstallationsJob.disabled=true -Dfile.encoding=utf8 -XX:+UseParallelGC -XX:GCTimeRatio=4 -XX:AdaptiveSizePolicyWeight=90 -Dsun.zip.disableMemoryMapping=true -Xmx2G -Xms100m -Xlog:disable -javaagent:c:\Users\pc\.antigravity\extensions\redhat.java-1.50.0-win32-x64\lombok\lombok-1.18.39-4050.jar -XX:+HeapDumpOnOutOfMemoryError -XX:HeapDumpPath=c:\Users\pc\AppData\Roaming\Antigravity\User\workspaceStorage\47ce89da41dd14ed8372e9d3cee91e7b\redhat.java -Daether.dependencyCollector.impl=bf 
java_command: c:\Users\pc\.antigravity\extensions\redhat.java-1.50.0-win32-x64\server\plugins\org.eclipse.equinox.launcher_1.7.100.v20251111-0406.jar -configuration c:\Users\pc\AppData\Roaming\Antigravity\User\globalStorage\redhat.java\1.50.0\config_win -data c:\Users\pc\AppData\Roaming\Antigravity\User\workspaceStorage\47ce89da41dd14ed8372e9d3cee91e7b\redhat.java\jdt_ws --pipe=\\.\pipe\lsp-23ab1aed0f2b2a867d38f3a494c88ca6-sock
java_class_path (initial): c:\Users\pc\.antigravity\extensions\redhat.java-1.50.0-win32-x64\server\plugins\org.eclipse.equinox.launcher_1.7.100.v20251111-0406.jar
Launcher Type: SUN_STANDARD

[Global flags]
    uintx AdaptiveSizePolicyWeight                 = 90                                        {product} {command line}
     intx CICompilerCount                          = 4                                         {product} {ergonomic}
    uintx GCTimeRatio                              = 4                                         {product} {command line}
     bool HeapDumpOnOutOfMemoryError               = true                                   {manageable} {command line}
    ccstr HeapDumpPath                             = c:\Users\pc\AppData\Roaming\Antigravity\User\workspaceStorage\47ce89da41dd14ed8372e9d3cee91e7b\redhat.java         {manageable} {command line}
   size_t InitialHeapSize                          = 104857600                                 {product} {command line}
   size_t MaxHeapSize                              = 2147483648                                {product} {command line}
   size_t MaxNewSize                               = 715653120                                 {product} {ergonomic}
   size_t MinHeapDeltaBytes                        = 524288                                    {product} {ergonomic}
   size_t MinHeapSize                              = 104857600                                 {product} {command line}
   size_t NewSize                                  = 34603008                                  {product} {ergonomic}
    uintx NonNMethodCodeHeapSize                   = 5839372                                {pd product} {ergonomic}
    uintx NonProfiledCodeHeapSize                  = 122909434                              {pd product} {ergonomic}
   size_t OldSize                                  = 70254592                                  {product} {ergonomic}
    uintx ProfiledCodeHeapSize                     = 122909434                              {pd product} {ergonomic}
    uintx ReservedCodeCacheSize                    = 251658240                              {pd product} {ergonomic}
     bool SegmentedCodeCache                       = true                                      {product} {ergonomic}
   size_t SoftMaxHeapSize                          = 2147483648                             {manageable} {ergonomic}
     bool UseCompressedOops                        = true                           {product lp64_product} {ergonomic}
     bool UseLargePagesIndividualAllocation        = false                                  {pd product} {ergonomic}
     bool UseParallelGC                            = true                                      {product} {command line}

Logging:
Log output configuration:
 #0: stdout all=off uptime,level,tags foldmultilines=false
 #1: stderr all=off uptime,level,tags foldmultilines=false

Release file:
JAVA_VERSION="21.0.9" 
MODULES="java.base java.compiler java.datatransfer java.xml java.prefs java.desktop java.instrument java.logging java.management java.security.sasl java.naming java.rmi java.management.rmi java.net.http java.scripting java.security.jgss java.transaction.xa java.sql java.sql.rowset java.xml.crypto java.se java.smartcardio jdk.accessibility jdk.internal.jvmstat jdk.attach jdk.charsets jdk.internal.opt jdk.zipfs jdk.compiler jdk.crypto.ec jdk.crypto.cryptoki jdk.crypto.mscapi jdk.dynalink jdk.internal.ed jdk.editpad jdk.hotspot.agent jdk.httpserver jdk.internal.le jdk.internal.vm.ci jdk.internal.vm.compiler jdk.internal.vm.compiler.management jdk.jartool jdk.javadoc jdk.jcmd jdk.management jdk.management.agent jdk.jconsole jdk.jdeps jdk.jdwp.agent jdk.jdi jdk.jfr jdk.jshell jdk.jsobject jdk.jstatd jdk.localedata jdk.management.jfr jdk.naming.dns jdk.naming.rmi jdk.net jdk.nio.mapmode jdk.random jdk.sctp jdk.security.auth jdk.security.jgss jdk.unsupported jdk.unsupported.desktop jdk.xml.dom" 

Environment Variables:
PATH=C:\Program Files\Eclipse Adoptium\jdk-17.0.17.10-hotspot\bin;C:\Windows\system32;C:\Windows;C:\Windows\System32\Wbem;C:\Windows\System32\WindowsPowerShell\v1.0\;C:\Windows\System32\OpenSSH\;C:\Program Files\Microsoft SQL Server\170\Tools\Binn\;C:\Program Files\Microsoft SQL Server\Client SDK\ODBC\170\Tools\Binn\;C:\Program Files\dotnet\;C:\Program Files (x86)\Windows Kits\10\Windows Performance Toolkit\;C:\Program Files\Git\cmd;C:\Program Files\nodejs\;%MAVEN_HOME%\bin;;C:\Program Files\Docker\Docker\resources\bin;C:\Users\pc\AppData\Local\Programs\Python\Python314\Scripts\;C:\Users\pc\AppData\Local\Programs\Python\Python314\;C:\Users\pc\AppData\Local\Programs\Python\Launcher\;C:\Users\pc\AppData\Local\Microsoft\WindowsApps;C:\Users\pc\AppData\Local\Programs\Microsoft VS Code\bin;C:\Users\pc\.dotnet\tools;C:\Users\pc\Downloads\flutter_windows_3.38.3-stable\flutter\bin;%ANDROID_HOME%\platform-tools;%ANDROID_HOME%\cmdline-tools\latest\bin;%ANDROID_HOME%\tools\bin;C:\Users\pc\AppData\Roaming\npm;C:\Users\pc\AppData\Local\Programs\Antigravity\bin;D:\apache-maven-3.9.12\bin
USERNAME=pc
OS=Windows_NT
PROCESSOR_IDENTIFIER=Intel64 Family 6 Model 142 Stepping 12, GenuineIntel
TMP=C:\Users\pc\AppData\Local\Temp
TEMP=C:\Users\pc\AppData\Local\Temp




Periodic native trim disabled

---------------  S Y S T E M  ---------------

OS:
 Windows 10 , 64 bit Build 19041 (10.0.19041.5915)
OS uptime: 1 days 4:17 hours
Hyper-V role detected

CPU: total 8 (initial active 8) (4 cores per cpu, 2 threads per core) family 6 model 142 stepping 12 microcode 0x100, cx8, cmov, fxsr, ht, mmx, 3dnowpref, sse, sse2, sse3, ssse3, sse4.1, sse4.2, popcnt, lzcnt, tsc, tscinvbit, avx, avx2, aes, erms, clmul, bmi1, bmi2, adx, fma, vzeroupper, clflush, clflushopt, hv, rdtscp, f16c
Processor Information for the first 8 processors :
  Max Mhz: 2304, Current Mhz: 1803, Mhz Limit: 1797

Memory: 4k page, system-wide physical 8038M (70M free)
TotalPageFile size 32614M (AvailPageFile size 0M)
current process WorkingSet (physical memory assigned to process): 122M, peak: 122M
current process commit charge ("private bytes"): 264M, peak: 264M

vm_info: OpenJDK 64-Bit Server VM (21.0.9+10-LTS) for windows-amd64 JRE (21.0.9+10-LTS), built on 2025-10-21T00:00:00Z by "admin" with unknown MS VC++:1942

END.
