#
# There is insufficient memory for the Java Runtime Environment to continue.
# Native memory allocation (mmap) failed to map 132120576 bytes. Error detail: G1 virtual space
# Possible reasons:
#   The system is out of physical RAM or swap space
#   This process is running with CompressedOops enabled, and the Java Heap may be blocking the growth of the native heap
# Possible solutions:
#   Reduce memory load on the system
#   Increase physical memory or swap space
#   Check if swap backing store is full
#   Decrease Java heap size (-Xmx/-Xms)
#   Decrease number of Java threads
#   Decrease Java thread stack sizes (-Xss)
#   Set larger code cache with -XX:ReservedCodeCacheSize=
#   JVM is running with Unscaled Compressed Oops mode in which the Java heap is
#     placed in the first 4GB address space. The Java Heap base address is the
#     maximum limit for the native heap growth. Please use -XX:HeapBaseMinAddress
#     to set the Java Heap base and to place the Java Heap above 4GB virtual address.
# This output file may be truncated or incomplete.
#
#  Out of Memory Error (os_windows.cpp:3925), pid=10620, tid=33836
#
# JRE version:  (21.0.8) (build )
# Java VM: OpenJDK 64-Bit Server VM (21.0.8+-14196175-b1038.72, mixed mode, sharing, tiered, compressed oops, compressed class ptrs, g1 gc, windows-amd64)
# No core dump will be written. Minidumps are not enabled by default on client versions of Windows
#

---------------  S U M M A R Y ------------

Command Line: 

Host: Intel(R) Core(TM) i7-10510U CPU @ 1.80GHz, 8 cores, 7G,  Windows 10 , 64 bit Build 19041 (10.0.19041.5915)
Time: Fri Dec 26 01:56:51 2025 Paris, Madrid elapsed time: 0.078988 seconds (0d 0h 0m 0s)

---------------  T H R E A D  ---------------

Current thread (0x0000026de90433c0):  JavaThread "Unknown thread" [_thread_in_vm, id=33836, stack(0x000000b192e00000,0x000000b192f00000) (1024K)]

Stack: [0x000000b192e00000,0x000000b192f00000]
Native frames: (J=compiled Java code, j=interpreted, Vv=VM code, C=native code)
V  [jvm.dll+0x6d68d9]
V  [jvm.dll+0x866693]
V  [jvm.dll+0x868c4e]
V  [jvm.dll+0x869333]
V  [jvm.dll+0x280566]
V  [jvm.dll+0x6d3195]
V  [jvm.dll+0x6c69ea]
V  [jvm.dll+0x3586db]
V  [jvm.dll+0x360336]
V  [jvm.dll+0x3b23f6]
V  [jvm.dll+0x3b26c8]
V  [jvm.dll+0x32ae6c]
V  [jvm.dll+0x32bb5b]
V  [jvm.dll+0x82e109]
V  [jvm.dll+0x3bf5c8]
V  [jvm.dll+0x817388]
V  [jvm.dll+0x453b6e]
V  [jvm.dll+0x4552d1]
C  [jli.dll+0x52ab]
C  [ucrtbase.dll+0x21bb2]
C  [KERNEL32.DLL+0x17374]
C  [ntdll.dll+0x4cc91]


---------------  P R O C E S S  ---------------

Threads class SMR info:
_java_thread_list=0x00007ff95d0cb988, length=0, elements={
}

Java Threads: ( => current thread )
Total: 0

Other Threads:
  0x0000026deb3912e0 WorkerThread "GC Thread#0"                     [id=36072, stack(0x000000b192f00000,0x000000b193000000) (1024K)]
  0x0000026deb3a2d20 ConcurrentGCThread "G1 Main Marker"            [id=17784, stack(0x000000b193000000,0x000000b193100000) (1024K)]
  0x0000026deb3a3730 WorkerThread "G1 Conc#0"                       [id=38880, stack(0x000000b193100000,0x000000b193200000) (1024K)]

[error occurred during error reporting (printing all threads), id 0xc0000005, EXCEPTION_ACCESS_VIOLATION (0xc0000005) at pc=0x00007ff95c8bddd7]
VM state: not at safepoint (not fully initialized)

VM Mutex/Monitor currently owned by a thread:  ([mutex/lock_event])
[0x00007ff95d1386b8] Heap_lock - owner thread: 0x0000026de90433c0

Heap address: 0x0000000082600000, size: 2010 MB, Compressed Oops mode: 32-bit

CDS archive(s) mapped at: [0x0000000000000000-0x0000000000000000-0x0000000000000000), size 0, SharedBaseAddress: 0x0000000800000000, ArchiveRelocationMode: 1.
Narrow klass base: 0x0000000000000000, Narrow klass shift: 0, Narrow klass range: 0x0

GC Precious Log:
 CardTable entry size: 512
 Card Set container configuration: InlinePtr #cards 5 size 8 Array Of Cards #cards 12 size 40 Howl #buckets 4 coarsen threshold 1843 Howl Bitmap #cards 512 size 80 coarsen threshold 460 Card regions per heap region 1 cards per card region 2048

Heap:
 garbage-first heap   total 0K, used 0K [0x0000000082600000, 0x0000000100000000)
  region size 1024K, 0 young (0K), 0 survivors (0K)
 Metaspace       used 0K, committed 0K, reserved 0K
  class space    used 0K, committed 0K, reserved 0K

Heap Regions: E=young(eden), S=young(survivor), O=old, HS=humongous(starts), HC=humongous(continues), CS=collection set, F=free, TAMS=top-at-mark-start, PB=parsable bottom

Card table byte_map: [0x0000026dfdbc0000,0x0000026dfdfb0000] _byte_map_base: 0x0000026dfd7ad000

Marking Bits: (CMBitMap*) 0x0000026deb392900
 Bits: [0x0000026dfdfb0000, 0x0000026dfff18000)

GC Heap History (0 events):
No events

Dll operation events (1 events):
Event: 0.029 Loaded shared library C:\Program Files\Android\Android Studio\jbr\bin\java.dll

Deoptimization events (0 events):
No events

Classes loaded (0 events):
No events

Classes unloaded (0 events):
No events

Classes redefined (0 events):
No events

Internal exceptions (0 events):
No events

ZGC Phase Switch (0 events):
No events

VM Operations (0 events):
No events

Memory protections (0 events):
No events

Nmethod flushes (0 events):
No events

Events (0 events):
No events


Dynamic libraries:
0x00007ff61af60000 - 0x00007ff61af6a000 	C:\Program Files\Android\Android Studio\jbr\bin\java.EXE
0x00007ffa044f0000 - 0x00007ffa046e8000 	C:\Windows\SYSTEM32\ntdll.dll
0x00007ffa03990000 - 0x00007ffa03a52000 	C:\Windows\System32\KERNEL32.DLL
0x00007ffa01b50000 - 0x00007ffa01e46000 	C:\Windows\System32\KERNELBASE.dll
0x00007ffa01f60000 - 0x00007ffa02060000 	C:\Windows\System32\ucrtbase.dll
0x00007ff9d5050000 - 0x00007ff9d5068000 	C:\Program Files\Android\Android Studio\jbr\bin\jli.dll
0x00007ff9d4e10000 - 0x00007ff9d4e2b000 	C:\Program Files\Android\Android Studio\jbr\bin\VCRUNTIME140.dll
0x00007ffa03380000 - 0x00007ffa03521000 	C:\Windows\System32\USER32.dll
0x00007ffa01f30000 - 0x00007ffa01f52000 	C:\Windows\System32\win32u.dll
0x00007ffa026e0000 - 0x00007ffa0270b000 	C:\Windows\System32\GDI32.dll
0x00007ffa020b0000 - 0x00007ffa021c9000 	C:\Windows\System32\gdi32full.dll
0x00007ffa021d0000 - 0x00007ffa0226d000 	C:\Windows\System32\msvcp_win.dll
0x00007ff9e3500000 - 0x00007ff9e379b000 	C:\Windows\WinSxS\amd64_microsoft.windows.common-controls_6595b64144ccf1df_6.0.19041.6456_none_60b8a6cb71f64256\COMCTL32.dll
0x00007ffa024e0000 - 0x00007ffa0257e000 	C:\Windows\System32\msvcrt.dll
0x00007ffa02580000 - 0x00007ffa025af000 	C:\Windows\System32\IMM32.DLL
0x00007ff9de310000 - 0x00007ff9de31c000 	C:\Program Files\Android\Android Studio\jbr\bin\vcruntime140_1.dll
0x00007ff9bb4a0000 - 0x00007ff9bb52d000 	C:\Program Files\Android\Android Studio\jbr\bin\msvcp140.dll
0x00007ff95c580000 - 0x00007ff95d216000 	C:\Program Files\Android\Android Studio\jbr\bin\server\jvm.dll
0x00007ffa02a90000 - 0x00007ffa02b41000 	C:\Windows\System32\ADVAPI32.dll
0x00007ffa038f0000 - 0x00007ffa0398f000 	C:\Windows\System32\sechost.dll
0x00007ffa035a0000 - 0x00007ffa036c0000 	C:\Windows\System32\RPCRT4.dll
0x00007ffa01e50000 - 0x00007ffa01e77000 	C:\Windows\System32\bcrypt.dll
0x00007ffa03740000 - 0x00007ffa037ab000 	C:\Windows\System32\WS2_32.dll
0x00007ff9faa40000 - 0x00007ff9faa4a000 	C:\Windows\SYSTEM32\VERSION.dll
0x00007ffa014b0000 - 0x00007ffa014fb000 	C:\Windows\SYSTEM32\POWRPROF.dll
0x00007ff9eb9f0000 - 0x00007ff9eba17000 	C:\Windows\SYSTEM32\WINMM.dll
0x00007ffa01470000 - 0x00007ffa01482000 	C:\Windows\SYSTEM32\UMPDC.dll
0x00007ffa00320000 - 0x00007ffa00332000 	C:\Windows\SYSTEM32\kernel.appcore.dll
0x00007ff9de0c0000 - 0x00007ff9de0ca000 	C:\Program Files\Android\Android Studio\jbr\bin\jimage.dll
0x00007ff9ff710000 - 0x00007ff9ff911000 	C:\Windows\SYSTEM32\DBGHELP.DLL
0x00007ff9f96f0000 - 0x00007ff9f9724000 	C:\Windows\SYSTEM32\dbgcore.DLL
0x00007ffa023d0000 - 0x00007ffa02452000 	C:\Windows\System32\bcryptPrimitives.dll
0x00007ff9d4390000 - 0x00007ff9d43b0000 	C:\Program Files\Android\Android Studio\jbr\bin\java.dll

JVMTI agents: none

dbghelp: loaded successfully - version: 4.0.5 - missing functions: none
symbol engine: initialized successfully - sym options: 0x614 - pdb path: .;C:\Program Files\Android\Android Studio\jbr\bin;C:\Windows\SYSTEM32;C:\Windows\WinSxS\amd64_microsoft.windows.common-controls_6595b64144ccf1df_6.0.19041.6456_none_60b8a6cb71f64256;C:\Program Files\Android\Android Studio\jbr\bin\server

VM Arguments:
java_command: <unknown>
java_class_path (initial): <not set>
Launcher Type: SUN_STANDARD

[Global flags]
     intx CICompilerCount                          = 4                                         {product} {ergonomic}
     uint ConcGCThreads                            = 2                                         {product} {ergonomic}
     uint G1ConcRefinementThreads                  = 8                                         {product} {ergonomic}
   size_t G1HeapRegionSize                         = 1048576                                   {product} {ergonomic}
    uintx GCDrainStackTargetSize                   = 64                                        {product} {ergonomic}
   size_t InitialHeapSize                          = 132120576                                 {product} {ergonomic}
   size_t MarkStackSize                            = 4194304                                   {product} {ergonomic}
   size_t MaxHeapSize                              = 2107637760                                {product} {ergonomic}
   size_t MinHeapDeltaBytes                        = 1048576                                   {product} {ergonomic}
   size_t MinHeapSize                              = 8388608                                   {product} {ergonomic}
    uintx NonNMethodCodeHeapSize                   = 5839372                                {pd product} {ergonomic}
    uintx NonProfiledCodeHeapSize                  = 122909434                              {pd product} {ergonomic}
    uintx ProfiledCodeHeapSize                     = 122909434                              {pd product} {ergonomic}
    uintx ReservedCodeCacheSize                    = 251658240                              {pd product} {ergonomic}
     bool SegmentedCodeCache                       = true                                      {product} {ergonomic}
   size_t SoftMaxHeapSize                          = 2107637760                             {manageable} {ergonomic}
     bool UseCompressedOops                        = true                           {product lp64_product} {ergonomic}
     bool UseG1GC                                  = true                                      {product} {ergonomic}
     bool UseLargePagesIndividualAllocation        = false                                  {pd product} {ergonomic}

Logging:
Log output configuration:
 #0: stdout all=warning uptime,level,tags foldmultilines=false
 #1: stderr all=off uptime,level,tags foldmultilines=false

Environment Variables:
JAVA_HOME=C:\Program Files\Android\Android Studio\jbr
PATH=C:\Program Files\Android\Android Studio\jbr\bin;C:\Program Files\Eclipse Adoptium\jdk-17.0.17.10-hotspot\bin;C:\Windows\system32;C:\Windows;C:\Windows\System32\Wbem;C:\Windows\System32\WindowsPowerShell\v1.0\;C:\Windows\System32\OpenSSH\;C:\Program Files\Microsoft SQL Server\170\Tools\Binn\;C:\Program Files\Microsoft SQL Server\Client SDK\ODBC\170\Tools\Binn\;C:\Program Files\dotnet\;C:\Program Files (x86)\Windows Kits\10\Windows Performance Toolkit\;C:\Program Files\Git\cmd;C:\Program Files\nodejs\;%MAVEN_HOME%\bin;;C:\Program Files\Docker\Docker\resources\bin;C:\Users\pc\AppData\Local\Programs\Python\Python314\Scripts\;C:\Users\pc\AppData\Local\Programs\Python\Python314\;C:\Users\pc\AppData\Local\Programs\Python\Launcher\;C:\Users\pc\AppData\Local\Microsoft\WindowsApps;C:\Users\pc\AppData\Local\Programs\Microsoft VS Code\bin;C:\Users\pc\.dotnet\tools;C:\Users\pc\Downloads\flutter_windows_3.38.3-stable\flutter\bin;%ANDROID_HOME%\platform-tools;%ANDROID_HOME%\cmdline-tools\latest\bin;%ANDROID_HOME%\tools\bin;C:\Users\pc\AppData\Roaming\npm;C:\Users\pc\AppData\Local\Programs\Antigravity\bin;D:\apache-maven-3.9.12\bin;c:\Users\pc\.antigravity\extensions\vscjava.vscode-java-debug-0.58.4-universal\bundled\scripts\noConfigScripts;C:\Users\pc\Downloads\flutter_windows_3.38.3-stable\flutter\bin\mingit\cmd
USERNAME=pc
LANG=en_US.UTF-8
OS=Windows_NT
PROCESSOR_IDENTIFIER=Intel64 Family 6 Model 142 Stepping 12, GenuineIntel
TMP=C:\Users\pc\AppData\Local\Temp
TEMP=C:\Users\pc\AppData\Local\Temp




Periodic native trim disabled

JNI global refs:
JNI global refs: 0, weak refs: 0

JNI global refs memory usage: 0, weak refs: 0

Process memory usage:
Resident Set Size: 11308K (0% of 8230924K total physical memory with 13216K free physical memory)

OOME stack traces (most recent first):
Classloader memory used:

---------------  S Y S T E M  ---------------

OS:
 Windows 10 , 64 bit Build 19041 (10.0.19041.5915)
OS uptime: 1 days 4:16 hours
Hyper-V role detected

CPU: total 8 (initial active 8) (4 cores per cpu, 2 threads per core) family 6 model 142 stepping 12 microcode 0x100, cx8, cmov, fxsr, ht, mmx, 3dnowpref, sse, sse2, sse3, ssse3, sse4.1, sse4.2, popcnt, lzcnt, tsc, tscinvbit, avx, avx2, aes, erms, clmul, bmi1, bmi2, adx, fma, vzeroupper, clflush, clflushopt, hv, rdtscp, f16c
Processor Information for the first 8 processors :
  Max Mhz: 2304, Current Mhz: 1803, Mhz Limit: 1797

Memory: 4k page, system-wide physical 8038M (12M free)
TotalPageFile size 32614M (AvailPageFile size 36M)
current process WorkingSet (physical memory assigned to process): 11M, peak: 11M
current process commit charge ("private bytes"): 60M, peak: 186M

vm_info: OpenJDK 64-Bit Server VM (21.0.8+-14196175-b1038.72) for windows-amd64 JRE (21.0.8+-14196175-b1038.72), built on 2025-10-01T10:24:33Z by "builder" with MS VC++ 16.10 / 16.11 (VS2019)

END.
